[0.015s] Invoking command in '/home/rovasura/ros2_ws/build/skid_steer_robot': CMAKE_PREFIX_PATH=${CMAKE_PREFIX_PATH}:/opt/ros/humble /usr/bin/cmake --build /home/rovasura/ros2_ws/build/skid_steer_robot -- -j4 -l4
[0.053s] Invoked command in '/home/rovasura/ros2_ws/build/skid_steer_robot' returned '0': CMAKE_PREFIX_PATH=${CMAKE_PREFIX_PATH}:/opt/ros/humble /usr/bin/cmake --build /home/rovasura/ros2_ws/build/skid_steer_robot -- -j4 -l4
[0.064s] Invoking command in '/home/rovasura/ros2_ws/build/skid_steer_robot': CMAKE_PREFIX_PATH=${CMAKE_PREFIX_PATH}:/opt/ros/humble /usr/bin/cmake --install /home/rovasura/ros2_ws/build/skid_steer_robot
[0.071s] -- Install configuration: ""
[0.071s] -- Execute custom install script
[0.071s] -- Up-to-date symlink: /home/rovasura/ros2_ws/install/skid_steer_robot/share/ament_index/resource_index/package_run_dependencies/skid_steer_robot
[0.071s] -- Up-to-date symlink: /home/rovasura/ros2_ws/install/skid_steer_robot/share/ament_index/resource_index/parent_prefix_path/skid_steer_robot
[0.072s] -- Up-to-date symlink: /home/rovasura/ros2_ws/install/skid_steer_robot/share/skid_steer_robot/environment/ament_prefix_path.sh
[0.072s] -- Up-to-date symlink: /home/rovasura/ros2_ws/install/skid_steer_robot/share/skid_steer_robot/environment/ament_prefix_path.dsv
[0.072s] -- Up-to-date symlink: /home/rovasura/ros2_ws/install/skid_steer_robot/share/skid_steer_robot/environment/path.sh
[0.072s] -- Up-to-date symlink: /home/rovasura/ros2_ws/install/skid_steer_robot/share/skid_steer_robot/environment/path.dsv
[0.072s] -- Up-to-date symlink: /home/rovasura/ros2_ws/install/skid_steer_robot/share/skid_steer_robot/local_setup.bash
[0.072s] -- Up-to-date symlink: /home/rovasura/ros2_ws/install/skid_steer_robot/share/skid_steer_robot/local_setup.sh
[0.072s] -- Up-to-date symlink: /home/rovasura/ros2_ws/install/skid_steer_robot/share/skid_steer_robot/local_setup.zsh
[0.072s] -- Up-to-date symlink: /home/rovasura/ros2_ws/install/skid_steer_robot/share/skid_steer_robot/local_setup.dsv
[0.073s] -- Symlinking: /home/rovasura/ros2_ws/install/skid_steer_robot/share/skid_steer_robot/package.dsv
[0.082s] -- Up-to-date symlink: /home/rovasura/ros2_ws/install/skid_steer_robot/share/ament_index/resource_index/packages/skid_steer_robot
[0.082s] -- Up-to-date symlink: /home/rovasura/ros2_ws/install/skid_steer_robot/share/skid_steer_robot/cmake/skid_steer_robotConfig.cmake
[0.082s] -- Up-to-date symlink: /home/rovasura/ros2_ws/install/skid_steer_robot/share/skid_steer_robot/cmake/skid_steer_robotConfig-version.cmake
[0.083s] -- Up-to-date symlink: /home/rovasura/ros2_ws/install/skid_steer_robot/share/skid_steer_robot/package.xml
[0.083s] -- Up-to-date symlink: /home/rovasura/ros2_ws/install/skid_steer_robot/share/skid_steer_robot//launch/sim.launch.py
[0.083s] -- Up-to-date symlink: /home/rovasura/ros2_ws/install/skid_steer_robot/share/skid_steer_robot//urdf/skid_steer.urdf.xacro
[0.083s] -- Up-to-date symlink: /home/rovasura/ros2_ws/install/skid_steer_robot/share/skid_steer_robot//config/ros2_control.yaml
[0.086s] Invoked command in '/home/rovasura/ros2_ws/build/skid_steer_robot' returned '0': CMAKE_PREFIX_PATH=${CMAKE_PREFIX_PATH}:/opt/ros/humble /usr/bin/cmake --install /home/rovasura/ros2_ws/build/skid_steer_robot
