[0.022s] Invoking command in '/home/rovasura/ros2_ws/build/skid_steer_robot': CMAKE_PREFIX_PATH=${CMAKE_PREFIX_PATH}:/opt/ros/humble /usr/bin/cmake --build /home/rovasura/ros2_ws/build/skid_steer_robot -- -j4 -l4
[0.088s] Invoked command in '/home/rovasura/ros2_ws/build/skid_steer_robot' returned '0': CMAKE_PREFIX_PATH=${CMAKE_PREFIX_PATH}:/opt/ros/humble /usr/bin/cmake --build /home/rovasura/ros2_ws/build/skid_steer_robot -- -j4 -l4
[0.101s] Invoking command in '/home/rovasura/ros2_ws/build/skid_steer_robot': CMAKE_PREFIX_PATH=${CMAKE_PREFIX_PATH}:/opt/ros/humble /usr/bin/cmake --install /home/rovasura/ros2_ws/build/skid_steer_robot
[0.115s] -- Install configuration: ""
[0.115s] -- Execute custom install script
[0.115s] -- Up-to-date symlink: /home/rovasura/ros2_ws/install/skid_steer_robot/share/ament_index/resource_index/package_run_dependencies/skid_steer_robot
[0.116s] -- Up-to-date symlink: /home/rovasura/ros2_ws/install/skid_steer_robot/share/ament_index/resource_index/parent_prefix_path/skid_steer_robot
[0.116s] -- Up-to-date symlink: /home/rovasura/ros2_ws/install/skid_steer_robot/share/skid_steer_robot/environment/ament_prefix_path.sh
[0.116s] -- Up-to-date symlink: /home/rovasura/ros2_ws/install/skid_steer_robot/share/skid_steer_robot/environment/ament_prefix_path.dsv
[0.116s] -- Up-to-date symlink: /home/rovasura/ros2_ws/install/skid_steer_robot/share/skid_steer_robot/environment/path.sh
[0.116s] -- Up-to-date symlink: /home/rovasura/ros2_ws/install/skid_steer_robot/share/skid_steer_robot/environment/path.dsv
[0.117s] -- Up-to-date symlink: /home/rovasura/ros2_ws/install/skid_steer_robot/share/skid_steer_robot/local_setup.bash
[0.117s] -- Up-to-date symlink: /home/rovasura/ros2_ws/install/skid_steer_robot/share/skid_steer_robot/local_setup.sh
[0.117s] -- Up-to-date symlink: /home/rovasura/ros2_ws/install/skid_steer_robot/share/skid_steer_robot/local_setup.zsh
[0.117s] -- Up-to-date symlink: /home/rovasura/ros2_ws/install/skid_steer_robot/share/skid_steer_robot/local_setup.dsv
[0.117s] -- Symlinking: /home/rovasura/ros2_ws/install/skid_steer_robot/share/skid_steer_robot/package.dsv
[0.132s] -- Up-to-date symlink: /home/rovasura/ros2_ws/install/skid_steer_robot/share/ament_index/resource_index/packages/skid_steer_robot
[0.132s] -- Up-to-date symlink: /home/rovasura/ros2_ws/install/skid_steer_robot/share/skid_steer_robot/cmake/skid_steer_robotConfig.cmake
[0.132s] -- Up-to-date symlink: /home/rovasura/ros2_ws/install/skid_steer_robot/share/skid_steer_robot/cmake/skid_steer_robotConfig-version.cmake
[0.132s] -- Up-to-date symlink: /home/rovasura/ros2_ws/install/skid_steer_robot/share/skid_steer_robot/package.xml
[0.133s] -- Symlinking: /home/rovasura/ros2_ws/install/skid_steer_robot/share/skid_steer_robot//launch/gazebo_garden_launch.py
[0.146s] -- Up-to-date symlink: /home/rovasura/ros2_ws/install/skid_steer_robot/share/skid_steer_robot//launch/minimal_gazebo.launch.py
[0.146s] -- Up-to-date symlink: /home/rovasura/ros2_ws/install/skid_steer_robot/share/skid_steer_robot//launch/sim.launch.py
[0.146s] -- Symlinking: /home/rovasura/ros2_ws/install/skid_steer_robot/share/skid_steer_robot//launch/simple_gazebo.sh
[0.161s] -- Up-to-date symlink: /home/rovasura/ros2_ws/install/skid_steer_robot/share/skid_steer_robot//launch/simple_sim.launch.py
[0.161s] -- Up-to-date symlink: /home/rovasura/ros2_ws/install/skid_steer_robot/share/skid_steer_robot//launch/test_gazebo.launch.py
[0.161s] -- Up-to-date symlink: /home/rovasura/ros2_ws/install/skid_steer_robot/share/skid_steer_robot//launch/urdf_sim.launch.py
[0.161s] -- Up-to-date symlink: /home/rovasura/ros2_ws/install/skid_steer_robot/share/skid_steer_robot//urdf/skid_steer.urdf
[0.161s] -- Up-to-date symlink: /home/rovasura/ros2_ws/install/skid_steer_robot/share/skid_steer_robot//urdf/skid_steer.urdf.xacro
[0.161s] -- Up-to-date symlink: /home/rovasura/ros2_ws/install/skid_steer_robot/share/skid_steer_robot//config/ros2_control.yaml
[0.162s] -- Up-to-date symlink: /home/rovasura/ros2_ws/install/skid_steer_robot/share/skid_steer_robot//meshes/mountain.dae
[0.162s] -- Up-to-date symlink: /home/rovasura/ros2_ws/install/skid_steer_robot/share/skid_steer_robot//worlds/world.sdf
[0.162s] -- Up-to-date symlink: /home/rovasura/ros2_ws/install/skid_steer_robot/share/skid_steer_robot/models/skid_steer_robot//model.sdf
[0.162s] -- Up-to-date symlink: /home/rovasura/ros2_ws/install/skid_steer_robot/share/skid_steer_robot/models/skid_steer_robot//model.config
[0.165s] Invoked command in '/home/rovasura/ros2_ws/build/skid_steer_robot' returned '0': CMAKE_PREFIX_PATH=${CMAKE_PREFIX_PATH}:/opt/ros/humble /usr/bin/cmake --install /home/rovasura/ros2_ws/build/skid_steer_robot
