[0.026s] Invoking command in '/home/rovasura/ros2_ws/build/skid_steer_robot': CMAKE_PREFIX_PATH=/opt/ros/humble /usr/bin/cmake --build /home/rovasura/ros2_ws/build/skid_steer_robot -- -j4 -l4
[0.125s] -- Found ament_cmake: 1.3.12 (/opt/ros/humble/share/ament_cmake/cmake)
[0.299s] -- Override CMake install command with custom implementation using symlinks instead of copying resources
[0.329s] -- Found rclcpp: 16.0.14 (/opt/ros/humble/share/rclcpp/cmake)
[0.404s] -- Found rosidl_generator_c: 3.1.7 (/opt/ros/humble/share/rosidl_generator_c/cmake)
[0.413s] -- Found rosidl_adapter: 3.1.7 (/opt/ros/humble/share/rosidl_adapter/cmake)
[0.426s] -- Found rosidl_generator_cpp: 3.1.7 (/opt/ros/humble/share/rosidl_generator_cpp/cmake)
[0.448s] -- Using all available rosidl_typesupport_c: rosidl_typesupport_fastrtps_c;rosidl_typesupport_introspection_c
[0.473s] -- Using all available rosidl_typesupport_cpp: rosidl_typesupport_fastrtps_cpp;rosidl_typesupport_introspection_cpp
[0.543s] -- Found rmw_implementation_cmake: 6.1.2 (/opt/ros/humble/share/rmw_implementation_cmake/cmake)
[0.547s] -- Found rmw_fastrtps_cpp: 6.2.8 (/opt/ros/humble/share/rmw_fastrtps_cpp/cmake)
[0.717s] -- Found OpenSSL: /usr/lib/x86_64-linux-gnu/libcrypto.so (found version "3.0.2")  
[0.756s] -- Found FastRTPS: /opt/ros/humble/include  
[0.818s] -- Using RMW implementation 'rmw_fastrtps_cpp' as default
[0.835s] -- Looking for pthread.h
[1.064s] -- Looking for pthread.h - found
[1.064s] -- Performing Test CMAKE_HAVE_LIBC_PTHREAD
[1.174s] -- Performing Test CMAKE_HAVE_LIBC_PTHREAD - Success
[1.175s] -- Found Threads: TRUE  
[1.262s] -- Found geometry_msgs: 4.9.0 (/opt/ros/humble/share/geometry_msgs/cmake)
[1.284s] -- Found sensor_msgs: 4.9.0 (/opt/ros/humble/share/sensor_msgs/cmake)
[1.312s] -- Found nav_msgs: 4.9.0 (/opt/ros/humble/share/nav_msgs/cmake)
[1.340s] -- Found tf2: 0.25.15 (/opt/ros/humble/share/tf2/cmake)
[1.355s] -- Found tf2_ros: 0.25.15 (/opt/ros/humble/share/tf2_ros/cmake)
[1.496s] -- Found urdf: 2.6.1 (/opt/ros/humble/share/urdf/cmake)
[1.538s] -- Found xacro: 2.0.13 (/opt/ros/humble/share/xacro/cmake)
[1.541s] -- Found robot_state_publisher: 3.0.3 (/opt/ros/humble/share/robot_state_publisher/cmake)
[1.567s] -- Found eigen3_cmake_module: 0.1.1 (/opt/ros/humble/share/eigen3_cmake_module/cmake)
[1.571s] -- Found Eigen3: TRUE (found version "3.4.0") 
[1.571s] -- Ensuring Eigen3 include directory is part of orocos-kdl CMake target
[1.591s] [31mCMake Error at CMakeLists.txt:20 (find_package):
[1.591s]   By not providing "Findjoint_state_publisher.cmake" in CMAKE_MODULE_PATH
[1.591s]   this project has asked CMake to find a package configuration file provided
[1.592s]   by "joint_state_publisher", but CMake did not find one.
[1.592s] 
[1.592s]   Could not find a package configuration file provided by
[1.592s]   "joint_state_publisher" with any of the following names:
[1.592s] 
[1.592s]     joint_state_publisherConfig.cmake
[1.592s]     joint_state_publisher-config.cmake
[1.592s] 
[1.592s]   Add the installation prefix of "joint_state_publisher" to CMAKE_PREFIX_PATH
[1.592s]   or set "joint_state_publisher_DIR" to a directory containing one of the
[1.592s]   above files.  If "joint_state_publisher" provides a separate development
[1.592s]   package or SDK, be sure it has been installed.
[1.592s] 
[1.592s] -- Configuring incomplete, errors occurred!
[1.592s] See also "/home/rovasura/ros2_ws/build/skid_steer_robot/CMakeFiles/CMakeOutput.log".
[1.593s] [0m
[1.599s] gmake: *** [Makefile:226: cmake_check_build_system] Error 1
[1.601s] Invoked command in '/home/rovasura/ros2_ws/build/skid_steer_robot' returned '2': CMAKE_PREFIX_PATH=/opt/ros/humble /usr/bin/cmake --build /home/rovasura/ros2_ws/build/skid_steer_robot -- -j4 -l4
