[0.020s] Invoking command in '/home/rovasura/ros2_ws/build/skid_steer_robot': CMAKE_PREFIX_PATH=/opt/ros/humble /usr/bin/cmake --build /home/rovasura/ros2_ws/build/skid_steer_robot -- -j4 -l4
[0.060s] -- Found ament_cmake: 1.3.12 (/opt/ros/humble/share/ament_cmake/cmake)
[0.187s] -- Override CMake install command with custom implementation using symlinks instead of copying resources
[0.196s] -- Found rclcpp: 16.0.14 (/opt/ros/humble/share/rclcpp/cmake)
[0.226s] -- Found rosidl_generator_c: 3.1.7 (/opt/ros/humble/share/rosidl_generator_c/cmake)
[0.229s] -- Found rosidl_adapter: 3.1.7 (/opt/ros/humble/share/rosidl_adapter/cmake)
[0.235s] -- Found rosidl_generator_cpp: 3.1.7 (/opt/ros/humble/share/rosidl_generator_cpp/cmake)
[0.246s] -- Using all available rosidl_typesupport_c: rosidl_typesupport_fastrtps_c;rosidl_typesupport_introspection_c
[0.261s] -- Using all available rosidl_typesupport_cpp: rosidl_typesupport_fastrtps_cpp;rosidl_typesupport_introspection_cpp
[0.296s] -- Found rmw_implementation_cmake: 6.1.2 (/opt/ros/humble/share/rmw_implementation_cmake/cmake)
[0.297s] -- Found rmw_fastrtps_cpp: 6.2.8 (/opt/ros/humble/share/rmw_fastrtps_cpp/cmake)
[0.424s] -- Using RMW implementation 'rmw_fastrtps_cpp' as default
[0.478s] -- Found geometry_msgs: 4.9.0 (/opt/ros/humble/share/geometry_msgs/cmake)
[0.491s] -- Found sensor_msgs: 4.9.0 (/opt/ros/humble/share/sensor_msgs/cmake)
[0.509s] -- Found nav_msgs: 4.9.0 (/opt/ros/humble/share/nav_msgs/cmake)
[0.527s] -- Found tf2: 0.25.15 (/opt/ros/humble/share/tf2/cmake)
[0.531s] -- Found tf2_ros: 0.25.15 (/opt/ros/humble/share/tf2_ros/cmake)
[0.615s] -- Found urdf: 2.6.1 (/opt/ros/humble/share/urdf/cmake)
[0.635s] -- Found xacro: 2.0.13 (/opt/ros/humble/share/xacro/cmake)
[0.636s] -- Found robot_state_publisher: 3.0.3 (/opt/ros/humble/share/robot_state_publisher/cmake)
[0.641s] -- Found eigen3_cmake_module: 0.1.1 (/opt/ros/humble/share/eigen3_cmake_module/cmake)
[0.642s] -- Ensuring Eigen3 include directory is part of orocos-kdl CMake target
[0.649s] -- Found controller_manager: 2.51.0 (/opt/ros/humble/share/controller_manager/cmake)
[0.785s] -- Found diff_drive_controller: 2.48.0 (/opt/ros/humble/share/diff_drive_controller/cmake)
[0.826s] -- Found gazebo_ros: 3.9.0 (/opt/ros/humble/share/gazebo_ros/cmake)
[0.845s] -- Found PkgConfig: /usr/bin/pkg-config (found version "0.29.2") 
[0.847s] -- Checking for module 'bullet>=2.82'
[0.872s] --   Found bullet, version 3.05
[1.050s] -- Found fcl: /usr/include (found suitable version "0.7.0", minimum required is "0.5.0") 
[1.144s] -- Found assimp: /usr/include (found version "5.2.0") 
[1.182s] -- Found DART: /usr/include (Required is at least version "6.6") found components: dart 
[1.219s] -- Found Boost: /usr/lib/x86_64-linux-gnu/cmake/Boost-1.74.0/BoostConfig.cmake (found suitable version "1.74.0", minimum required is "1.40.0") found components: thread system filesystem program_options regex iostreams date_time 
[1.245s] -- Found Protobuf: /usr/lib/x86_64-linux-gnu/libprotobuf.so (found version "3.12.4") 
[1.252s] -- Looking for ignition-math6 -- found version 6.15.1
[1.266s] -- Searching for dependencies of ignition-math6
[1.268s] -- Looking for OGRE...
[1.269s] -- OGRE_PREFIX_WATCH changed.
[1.276s] -- Checking for module 'OGRE'
[1.300s] --   Found OGRE, version 1.9.0
[1.366s] -- Found Ogre Ghadamon (1.9.0)
[1.375s] -- Found OGRE: optimized;/usr/lib/x86_64-linux-gnu/libOgreMain.so;debug;/usr/lib/x86_64-linux-gnu/libOgreMain.so
[1.386s] -- Looking for OGRE_Paging...
[1.393s] -- Found OGRE_Paging: optimized;/usr/lib/x86_64-linux-gnu/libOgrePaging.so;debug;/usr/lib/x86_64-linux-gnu/libOgrePaging.so
[1.394s] -- Looking for OGRE_Terrain...
[1.402s] -- Found OGRE_Terrain: optimized;/usr/lib/x86_64-linux-gnu/libOgreTerrain.so;debug;/usr/lib/x86_64-linux-gnu/libOgreTerrain.so
[1.402s] -- Looking for OGRE_Property...
[1.410s] -- Found OGRE_Property: optimized;/usr/lib/x86_64-linux-gnu/libOgreProperty.so;debug;/usr/lib/x86_64-linux-gnu/libOgreProperty.so
[1.410s] -- Looking for OGRE_RTShaderSystem...
[1.419s] -- Found OGRE_RTShaderSystem: optimized;/usr/lib/x86_64-linux-gnu/libOgreRTShaderSystem.so;debug;/usr/lib/x86_64-linux-gnu/libOgreRTShaderSystem.so
[1.419s] -- Looking for OGRE_Volume...
[1.426s] -- Found OGRE_Volume: optimized;/usr/lib/x86_64-linux-gnu/libOgreVolume.so;debug;/usr/lib/x86_64-linux-gnu/libOgreVolume.so
[1.426s] -- Looking for OGRE_Overlay...
[1.436s] -- Found OGRE_Overlay: optimized;/usr/lib/x86_64-linux-gnu/libOgreOverlay.so;debug;/usr/lib/x86_64-linux-gnu/libOgreOverlay.so
[1.637s] -- Looking for ignition-math6 -- found version 6.15.1
[1.641s] -- Looking for ignition-transport8 -- found version 8.2.1
[1.642s] -- Searching for dependencies of ignition-transport8
[1.664s] -- Found Protobuf: /usr/lib/x86_64-linux-gnu/libprotobuf.so (found suitable version "3.12.4", minimum required is "3") 
[1.675s] -- Config-file not installed for ZeroMQ -- checking for pkg-config
[1.684s] -- Checking for module 'libzmq >= 4'
[1.708s] --   Found libzmq , version 4.3.4
[1.775s] -- Found ZeroMQ: TRUE (Required is at least version "4") 
[1.784s] -- Checking for module 'uuid'
[1.814s] --   Found uuid, version 2.37.2
[1.875s] -- Found UUID: TRUE  
[1.878s] -- Looking for ignition-msgs5 -- found version 5.8.1
[1.879s] -- Searching for dependencies of ignition-msgs5
[1.901s] -- Looking for ignition-math6 -- found version 6.15.1
[1.909s] -- Checking for module 'tinyxml2'
[1.937s] --   Found tinyxml2, version 9.0.0
[2.009s] -- Looking for ignition-msgs5 -- found version 5.8.1
[2.013s] -- Looking for ignition-common3 -- found version 3.14.0
[2.014s] -- Searching for dependencies of ignition-common3
[2.015s] -- Looking for dlfcn.h - found
[2.017s] -- Looking for libdl - found
[2.020s] -- Found DL: TRUE  
[2.038s] -- Found tinyobjloader: /usr/lib/x86_64-linux-gnu/cmake/tinyobjloader/tinyobjloader-config.cmake (found version "2.0.0") 
[2.039s] -- Searching for <ignition-common3> component [graphics]
[2.042s] -- Looking for ignition-common3-graphics -- found version 3.14.0
[2.043s] -- Searching for dependencies of ignition-common3-graphics
[2.043s] -- Looking for ignition-math6 -- found version 6.15.1
[2.048s] -- Looking for ignition-fuel_tools4 -- found version 4.4.0
[2.048s] -- Searching for dependencies of ignition-fuel_tools4
[2.184s] -- Found CURL: /usr/lib/x86_64-linux-gnu/libcurl.so (found version "7.81.0")  
[2.197s] -- Checking for module 'jsoncpp'
[2.225s] --   Found jsoncpp, version 1.9.5
[2.296s] -- Found JSONCPP: TRUE  
[2.307s] -- Checking for module 'libzip'
[2.332s] --   Found libzip, version 1.7.3
[2.405s] -- Found ZIP: TRUE  
[2.406s] -- Looking for ignition-common3 -- found version 3.14.0
[2.406s] -- Looking for ignition-math6 -- found version 6.15.1
[2.407s] -- Looking for ignition-msgs5 -- found version 5.8.1
[2.415s] -- Gazebo version: 11.10
[2.415s] -- Checking for module 'tbb'
[2.439s] --   Found tbb, version 2021.5.0
[2.519s] [31mCMake Error at CMakeLists.txt:23 (find_package):
[2.519s]   By not providing "Findgazebo_ros2_control.cmake" in CMAKE_MODULE_PATH this
[2.519s]   project has asked CMake to find a package configuration file provided by
[2.519s]   "gazebo_ros2_control", but CMake did not find one.
[2.519s] 
[2.519s]   Could not find a package configuration file provided by
[2.519s]   "gazebo_ros2_control" with any of the following names:
[2.519s] 
[2.519s]     gazebo_ros2_controlConfig.cmake
[2.519s]     gazebo_ros2_control-config.cmake
[2.520s] 
[2.520s]   Add the installation prefix of "gazebo_ros2_control" to CMAKE_PREFIX_PATH
[2.520s]   or set "gazebo_ros2_control_DIR" to a directory containing one of the above
[2.520s]   files.  If "gazebo_ros2_control" provides a separate development package or
[2.520s]   SDK, be sure it has been installed.
[2.520s] 
[2.520s] [0m
[2.520s] -- Configuring incomplete, errors occurred!
[2.520s] See also "/home/rovasura/ros2_ws/build/skid_steer_robot/CMakeFiles/CMakeOutput.log".
[2.533s] gmake: *** [Makefile:226: cmake_check_build_system] Error 1
[2.535s] Invoked command in '/home/rovasura/ros2_ws/build/skid_steer_robot' returned '2': CMAKE_PREFIX_PATH=/opt/ros/humble /usr/bin/cmake --build /home/rovasura/ros2_ws/build/skid_steer_robot -- -j4 -l4
