[0.023s] Invoking command in '/home/rovasura/ros2_ws/build/ldlidar_component': CMAKE_PREFIX_PATH=${CMAKE_PREFIX_PATH}:/opt/ros/humble /usr/bin/cmake --build /home/rovasura/ros2_ws/build/ldlidar_component -- -j4 -l4
[0.080s] [35m[1mConsolidate compiler generated dependencies of target ldlidar[0m
[0.122s] [ 70%] Built target ldlidar
[0.165s] [35m[1mConsolidate compiler generated dependencies of target ldlidar_component[0m
[0.240s] [100%] Built target ldlidar_component
[0.265s] Invoked command in '/home/rovasura/ros2_ws/build/ldlidar_component' returned '0': CMAKE_PREFIX_PATH=${CMAKE_PREFIX_PATH}:/opt/ros/humble /usr/bin/cmake --build /home/rovasura/ros2_ws/build/ldlidar_component -- -j4 -l4
[0.294s] Invoking command in '/home/rovasura/ros2_ws/build/ldlidar_component': CMAKE_PREFIX_PATH=${CMAKE_PREFIX_PATH}:/opt/ros/humble /usr/bin/cmake --install /home/rovasura/ros2_ws/build/ldlidar_component
[0.309s] -- Install configuration: "Release"
[0.310s] -- Execute custom install script
[0.311s] -- Up-to-date symlink: /home/rovasura/ros2_ws/install/ldlidar_component/lib/libldlidar_component.so
[0.311s] -- Up-to-date symlink: /home/rovasura/ros2_ws/install/ldlidar_component/include/ldlidar_component//defines.hpp
[0.314s] -- Up-to-date symlink: /home/rovasura/ros2_ws/install/ldlidar_component/include/ldlidar_component//ldlidar_component.hpp
[0.314s] -- Up-to-date symlink: /home/rovasura/ros2_ws/install/ldlidar_component/include/ldlidar_component//ldlidar_tools.hpp
[0.314s] -- Up-to-date symlink: /home/rovasura/ros2_ws/install/ldlidar_component/include/ldlidar_component//visibility_control.hpp
[0.314s] -- Up-to-date symlink: /home/rovasura/ros2_ws/install/ldlidar_component/include/ldlidar_component//ldlidar_datatype.h
[0.316s] -- Up-to-date symlink: /home/rovasura/ros2_ws/install/ldlidar_component/include/ldlidar_component//ldlidar_driver.h
[0.316s] -- Up-to-date symlink: /home/rovasura/ros2_ws/install/ldlidar_component/include/ldlidar_component//lipkg.h
[0.316s] -- Up-to-date symlink: /home/rovasura/ros2_ws/install/ldlidar_component/include/ldlidar_component//tofbf.h
[0.316s] -- Up-to-date symlink: /home/rovasura/ros2_ws/install/ldlidar_component/include/ldlidar_component//log_module.h
[0.317s] -- Up-to-date symlink: /home/rovasura/ros2_ws/install/ldlidar_component/include/ldlidar_component//network_socket_interface_linux.h
[0.317s] -- Up-to-date symlink: /home/rovasura/ros2_ws/install/ldlidar_component/include/ldlidar_component//serial_interface_linux.h
[0.317s] -- Up-to-date symlink: /home/rovasura/ros2_ws/install/ldlidar_component/share/ldlidar_component/environment/library_path.sh
[0.317s] -- Up-to-date symlink: /home/rovasura/ros2_ws/install/ldlidar_component/share/ldlidar_component/environment/library_path.dsv
[0.317s] -- Up-to-date symlink: /home/rovasura/ros2_ws/install/ldlidar_component/share/ament_index/resource_index/package_run_dependencies/ldlidar_component
[0.319s] -- Up-to-date symlink: /home/rovasura/ros2_ws/install/ldlidar_component/share/ament_index/resource_index/parent_prefix_path/ldlidar_component
[0.319s] -- Up-to-date symlink: /home/rovasura/ros2_ws/install/ldlidar_component/share/ldlidar_component/environment/ament_prefix_path.sh
[0.319s] -- Up-to-date symlink: /home/rovasura/ros2_ws/install/ldlidar_component/share/ldlidar_component/environment/ament_prefix_path.dsv
[0.320s] -- Up-to-date symlink: /home/rovasura/ros2_ws/install/ldlidar_component/share/ldlidar_component/environment/path.sh
[0.320s] -- Up-to-date symlink: /home/rovasura/ros2_ws/install/ldlidar_component/share/ldlidar_component/environment/path.dsv
[0.320s] -- Up-to-date symlink: /home/rovasura/ros2_ws/install/ldlidar_component/share/ldlidar_component/local_setup.bash
[0.320s] -- Up-to-date symlink: /home/rovasura/ros2_ws/install/ldlidar_component/share/ldlidar_component/local_setup.sh
[0.320s] -- Up-to-date symlink: /home/rovasura/ros2_ws/install/ldlidar_component/share/ldlidar_component/local_setup.zsh
[0.320s] -- Up-to-date symlink: /home/rovasura/ros2_ws/install/ldlidar_component/share/ldlidar_component/local_setup.dsv
[0.320s] -- Symlinking: /home/rovasura/ros2_ws/install/ldlidar_component/share/ldlidar_component/package.dsv
[0.343s] -- Up-to-date symlink: /home/rovasura/ros2_ws/install/ldlidar_component/share/ament_index/resource_index/packages/ldlidar_component
[0.345s] -- Up-to-date symlink: /home/rovasura/ros2_ws/install/ldlidar_component/share/ament_index/resource_index/rclcpp_components/ldlidar_component
[0.345s] -- Up-to-date symlink: /home/rovasura/ros2_ws/install/ldlidar_component/share/ldlidar_component/cmake/ament_cmake_export_include_directories-extras.cmake
[0.346s] -- Up-to-date symlink: /home/rovasura/ros2_ws/install/ldlidar_component/share/ldlidar_component/cmake/ament_cmake_export_libraries-extras.cmake
[0.346s] -- Up-to-date symlink: /home/rovasura/ros2_ws/install/ldlidar_component/share/ldlidar_component/cmake/ament_cmake_export_dependencies-extras.cmake
[0.346s] -- Up-to-date symlink: /home/rovasura/ros2_ws/install/ldlidar_component/share/ldlidar_component/cmake/ldlidar_componentConfig.cmake
[0.346s] -- Up-to-date symlink: /home/rovasura/ros2_ws/install/ldlidar_component/share/ldlidar_component/cmake/ldlidar_componentConfig-version.cmake
[0.346s] -- Up-to-date symlink: /home/rovasura/ros2_ws/install/ldlidar_component/share/ldlidar_component/package.xml
[0.352s] Invoked command in '/home/rovasura/ros2_ws/build/ldlidar_component' returned '0': CMAKE_PREFIX_PATH=${CMAKE_PREFIX_PATH}:/opt/ros/humble /usr/bin/cmake --install /home/rovasura/ros2_ws/build/ldlidar_component
