--  * Release Mode
-- * Found ROS2 humble
-- * ROS2 humble is officially supported by this package.
-- Found ament_cmake: 1.3.12 (/opt/ros/humble/share/ament_cmake/cmake)
-- Override CMake install command with custom implementation using symlinks instead of copying resources
-- Found rclcpp_lifecycle: 16.0.14 (/opt/ros/humble/share/rclcpp_lifecycle/cmake)
-- Found rosidl_generator_c: 3.1.7 (/opt/ros/humble/share/rosidl_generator_c/cmake)
-- Found rosidl_adapter: 3.1.7 (/opt/ros/humble/share/rosidl_adapter/cmake)
-- Found rosidl_generator_cpp: 3.1.7 (/opt/ros/humble/share/rosidl_generator_cpp/cmake)
-- Using all available rosidl_typesupport_c: rosidl_typesupport_fastrtps_c;rosidl_typesupport_introspection_c
-- Using all available rosidl_typesupport_cpp: rosidl_typesupport_fastrtps_cpp;rosidl_typesupport_introspection_cpp
-- Found rmw_implementation_cmake: 6.1.2 (/opt/ros/humble/share/rmw_implementation_cmake/cmake)
-- Found rmw_fastrtps_cpp: 6.2.8 (/opt/ros/humble/share/rmw_fastrtps_cpp/cmake)
-- Using RMW implementation 'rmw_fastrtps_cpp' as default
-- Found rclcpp_components: 16.0.14 (/opt/ros/humble/share/rclcpp_components/cmake)
-- Found nav2_util: 1.1.18 (/opt/ros/humble/share/nav2_util/cmake)
-- Found eigen3_cmake_module: 0.1.1 (/opt/ros/humble/share/eigen3_cmake_module/cmake)
-- Found Eigen3: TRUE (found version "3.4.0") 
-- Ensuring Eigen3 include directory is part of orocos-kdl CMake target
-- Found sensor_msgs: 4.9.0 (/opt/ros/humble/share/sensor_msgs/cmake)
-- Found diagnostic_msgs: 4.9.0 (/opt/ros/humble/share/diagnostic_msgs/cmake)
-- Found diagnostic_updater: 4.0.6 (/opt/ros/humble/share/diagnostic_updater/cmake)
-- Found ament_lint_auto: 0.12.14 (/opt/ros/humble/share/ament_lint_auto/cmake)
-- Added test 'copyright' to check source files copyright and LICENSE
-- Added test 'cppcheck' to perform static code analysis on C / C++ code
-- Configured cppcheck include dirs: /home/rovasura/ros2_ws/src/ldrobot-lidar-ros2/ldlidar_component/include;/home/rovasura/ros2_ws/src/ldrobot-lidar-ros2/ldlidar_component/tools/include;/home/rovasura/ros2_ws/src/ldrobot-lidar-ros2/ldlidar_component/component/include;/home/rovasura/ros2_ws/src/ldrobot-lidar-ros2/ldlidar_component/ldlidar_driver/include/core;/home/rovasura/ros2_ws/src/ldrobot-lidar-ros2/ldlidar_component/ldlidar_driver/include/dataprocess;/home/rovasura/ros2_ws/src/ldrobot-lidar-ros2/ldlidar_component/ldlidar_driver/include/filter;/home/rovasura/ros2_ws/src/ldrobot-lidar-ros2/ldlidar_component/ldlidar_driver/include/logger;/home/rovasura/ros2_ws/src/ldrobot-lidar-ros2/ldlidar_component/ldlidar_driver/include/networkcom;/home/rovasura/ros2_ws/src/ldrobot-lidar-ros2/ldlidar_component/ldlidar_driver/include/serialcom
-- Configured cppcheck exclude dirs and/or files: 
-- Added test 'cpplint' to check C / C++ code against the Google style
-- Configured cpplint exclude dirs and/or files: 
-- Added test 'lint_cmake' to check CMake code style
-- Added test 'uncrustify' to check C / C++ code style
-- Configured uncrustify additional arguments: 
-- Added test 'xmllint' to check XML markup files
-- Configuring done
-- Generating done
-- Build files have been written to: /home/rovasura/ros2_ws/build/ldlidar_component
[ 10%] [32mBuilding CXX object ldlidar_driver/CMakeFiles/ldlidar.dir/src/core/ldlidar_driver.cpp.o[0m
[ 20%] [32mBuilding CXX object ldlidar_driver/CMakeFiles/ldlidar.dir/src/logger/log_module.cpp.o[0m
[ 30%] [32mBuilding CXX object ldlidar_driver/CMakeFiles/ldlidar.dir/src/networkcom/network_socket_interface_linux.cpp.o[0m
[ 40%] [32mBuilding CXX object ldlidar_driver/CMakeFiles/ldlidar.dir/src/serialcom/serial_interface_linux.cpp.o[0m
[ 50%] [32mBuilding CXX object ldlidar_driver/CMakeFiles/ldlidar.dir/src/filter/tofbf.cpp.o[0m
[ 60%] [32mBuilding CXX object ldlidar_driver/CMakeFiles/ldlidar.dir/src/dataprocess/lipkg.cpp.o[0m
[ 70%] [32m[1mLinking CXX static library libldlidar.a[0m
[ 70%] Built target ldlidar
[ 80%] [32mBuilding CXX object CMakeFiles/ldlidar_component.dir/tools/src/ldlidar_tools.cpp.o[0m
[ 90%] [32mBuilding CXX object CMakeFiles/ldlidar_component.dir/component/src/ldlidar_component.cpp.o[0m
[100%] [32m[1mLinking CXX shared library libldlidar_component.so[0m
[100%] Built target ldlidar_component
-- Install configuration: "Release"
-- Execute custom install script
-- Symlinking: /home/rovasura/ros2_ws/install/ldlidar_component/lib/libldlidar_component.so
-- Symlinking: /home/rovasura/ros2_ws/install/ldlidar_component/include/ldlidar_component//defines.hpp
-- Symlinking: /home/rovasura/ros2_ws/install/ldlidar_component/include/ldlidar_component//ldlidar_component.hpp
-- Symlinking: /home/rovasura/ros2_ws/install/ldlidar_component/include/ldlidar_component//ldlidar_tools.hpp
-- Symlinking: /home/rovasura/ros2_ws/install/ldlidar_component/include/ldlidar_component//visibility_control.hpp
-- Symlinking: /home/rovasura/ros2_ws/install/ldlidar_component/include/ldlidar_component//ldlidar_datatype.h
-- Symlinking: /home/rovasura/ros2_ws/install/ldlidar_component/include/ldlidar_component//ldlidar_driver.h
-- Symlinking: /home/rovasura/ros2_ws/install/ldlidar_component/include/ldlidar_component//lipkg.h
-- Symlinking: /home/rovasura/ros2_ws/install/ldlidar_component/include/ldlidar_component//tofbf.h
-- Symlinking: /home/rovasura/ros2_ws/install/ldlidar_component/include/ldlidar_component//log_module.h
-- Symlinking: /home/rovasura/ros2_ws/install/ldlidar_component/include/ldlidar_component//network_socket_interface_linux.h
-- Symlinking: /home/rovasura/ros2_ws/install/ldlidar_component/include/ldlidar_component//serial_interface_linux.h
-- Symlinking: /home/rovasura/ros2_ws/install/ldlidar_component/share/ldlidar_component/environment/library_path.sh
-- Symlinking: /home/rovasura/ros2_ws/install/ldlidar_component/share/ldlidar_component/environment/library_path.dsv
-- Symlinking: /home/rovasura/ros2_ws/install/ldlidar_component/share/ament_index/resource_index/package_run_dependencies/ldlidar_component
-- Symlinking: /home/rovasura/ros2_ws/install/ldlidar_component/share/ament_index/resource_index/parent_prefix_path/ldlidar_component
-- Symlinking: /home/rovasura/ros2_ws/install/ldlidar_component/share/ldlidar_component/environment/ament_prefix_path.sh
-- Symlinking: /home/rovasura/ros2_ws/install/ldlidar_component/share/ldlidar_component/environment/ament_prefix_path.dsv
-- Symlinking: /home/rovasura/ros2_ws/install/ldlidar_component/share/ldlidar_component/environment/path.sh
-- Symlinking: /home/rovasura/ros2_ws/install/ldlidar_component/share/ldlidar_component/environment/path.dsv
-- Symlinking: /home/rovasura/ros2_ws/install/ldlidar_component/share/ldlidar_component/local_setup.bash
-- Symlinking: /home/rovasura/ros2_ws/install/ldlidar_component/share/ldlidar_component/local_setup.sh
-- Symlinking: /home/rovasura/ros2_ws/install/ldlidar_component/share/ldlidar_component/local_setup.zsh
-- Symlinking: /home/rovasura/ros2_ws/install/ldlidar_component/share/ldlidar_component/local_setup.dsv
-- Symlinking: /home/rovasura/ros2_ws/install/ldlidar_component/share/ldlidar_component/package.dsv
-- Symlinking: /home/rovasura/ros2_ws/install/ldlidar_component/share/ament_index/resource_index/packages/ldlidar_component
-- Symlinking: /home/rovasura/ros2_ws/install/ldlidar_component/share/ament_index/resource_index/rclcpp_components/ldlidar_component
-- Symlinking: /home/rovasura/ros2_ws/install/ldlidar_component/share/ldlidar_component/cmake/ament_cmake_export_include_directories-extras.cmake
-- Symlinking: /home/rovasura/ros2_ws/install/ldlidar_component/share/ldlidar_component/cmake/ament_cmake_export_libraries-extras.cmake
-- Symlinking: /home/rovasura/ros2_ws/install/ldlidar_component/share/ldlidar_component/cmake/ament_cmake_export_dependencies-extras.cmake
-- Symlinking: /home/rovasura/ros2_ws/install/ldlidar_component/share/ldlidar_component/cmake/ldlidar_componentConfig.cmake
-- Symlinking: /home/rovasura/ros2_ws/install/ldlidar_component/share/ldlidar_component/cmake/ldlidar_componentConfig-version.cmake
-- Symlinking: /home/rovasura/ros2_ws/install/ldlidar_component/share/ldlidar_component/package.xml
