[0.016s] Invoking command in '/home/rovasura/ros2_ws/build/ldlidar_component': CMAKE_PREFIX_PATH=/opt/ros/humble /usr/bin/cmake /home/rovasura/ros2_ws/src/ldrobot-lidar-ros2/ldlidar_component -DCMAKE_INSTALL_PREFIX=/home/rovasura/ros2_ws/install/ldlidar_component
[0.030s] --  * Release Mode
[0.030s] -- * Found ROS2 humble
[0.030s] -- * ROS2 humble is officially supported by this package.
[0.030s] -- Found ament_cmake: 1.3.12 (/opt/ros/humble/share/ament_cmake/cmake)
[0.186s] -- Override CMake install command with custom implementation using symlinks instead of copying resources
[0.194s] -- Found rclcpp_lifecycle: 16.0.14 (/opt/ros/humble/share/rclcpp_lifecycle/cmake)
[0.238s] -- Found rosidl_generator_c: 3.1.7 (/opt/ros/humble/share/rosidl_generator_c/cmake)
[0.239s] -- Found rosidl_adapter: 3.1.7 (/opt/ros/humble/share/rosidl_adapter/cmake)
[0.246s] -- Found rosidl_generator_cpp: 3.1.7 (/opt/ros/humble/share/rosidl_generator_cpp/cmake)
[0.260s] -- Using all available rosidl_typesupport_c: rosidl_typesupport_fastrtps_c;rosidl_typesupport_introspection_c
[0.279s] -- Using all available rosidl_typesupport_cpp: rosidl_typesupport_fastrtps_cpp;rosidl_typesupport_introspection_cpp
[0.324s] -- Found rmw_implementation_cmake: 6.1.2 (/opt/ros/humble/share/rmw_implementation_cmake/cmake)
[0.325s] -- Found rmw_fastrtps_cpp: 6.2.8 (/opt/ros/humble/share/rmw_fastrtps_cpp/cmake)
[0.440s] -- Using RMW implementation 'rmw_fastrtps_cpp' as default
[0.515s] -- Found rclcpp_components: 16.0.14 (/opt/ros/humble/share/rclcpp_components/cmake)
[0.542s] -- Found nav2_util: 1.1.18 (/opt/ros/humble/share/nav2_util/cmake)
[0.711s] -- Found eigen3_cmake_module: 0.1.1 (/opt/ros/humble/share/eigen3_cmake_module/cmake)
[0.713s] -- Found Eigen3: TRUE (found version "3.4.0") 
[0.714s] -- Ensuring Eigen3 include directory is part of orocos-kdl CMake target
[0.750s] -- Found sensor_msgs: 4.9.0 (/opt/ros/humble/share/sensor_msgs/cmake)
[0.771s] -- Found diagnostic_msgs: 4.9.0 (/opt/ros/humble/share/diagnostic_msgs/cmake)
[0.786s] -- Found diagnostic_updater: 4.0.6 (/opt/ros/humble/share/diagnostic_updater/cmake)
[0.819s] -- Found ament_lint_auto: 0.12.14 (/opt/ros/humble/share/ament_lint_auto/cmake)
[0.932s] -- Added test 'copyright' to check source files copyright and LICENSE
[0.935s] -- Added test 'cppcheck' to perform static code analysis on C / C++ code
[0.935s] -- Configured cppcheck include dirs: /home/rovasura/ros2_ws/src/ldrobot-lidar-ros2/ldlidar_component/include;/home/rovasura/ros2_ws/src/ldrobot-lidar-ros2/ldlidar_component/tools/include;/home/rovasura/ros2_ws/src/ldrobot-lidar-ros2/ldlidar_component/component/include;/home/rovasura/ros2_ws/src/ldrobot-lidar-ros2/ldlidar_component/ldlidar_driver/include/core;/home/rovasura/ros2_ws/src/ldrobot-lidar-ros2/ldlidar_component/ldlidar_driver/include/dataprocess;/home/rovasura/ros2_ws/src/ldrobot-lidar-ros2/ldlidar_component/ldlidar_driver/include/filter;/home/rovasura/ros2_ws/src/ldrobot-lidar-ros2/ldlidar_component/ldlidar_driver/include/logger;/home/rovasura/ros2_ws/src/ldrobot-lidar-ros2/ldlidar_component/ldlidar_driver/include/networkcom;/home/rovasura/ros2_ws/src/ldrobot-lidar-ros2/ldlidar_component/ldlidar_driver/include/serialcom
[0.935s] -- Configured cppcheck exclude dirs and/or files: 
[0.938s] -- Added test 'cpplint' to check C / C++ code against the Google style
[0.938s] -- Configured cpplint exclude dirs and/or files: 
[0.941s] -- Added test 'lint_cmake' to check CMake code style
[0.943s] -- Added test 'uncrustify' to check C / C++ code style
[0.943s] -- Configured uncrustify additional arguments: 
[0.944s] -- Added test 'xmllint' to check XML markup files
[0.953s] -- Configuring done
[1.030s] -- Generating done
[1.037s] -- Build files have been written to: /home/rovasura/ros2_ws/build/ldlidar_component
[1.055s] Invoked command in '/home/rovasura/ros2_ws/build/ldlidar_component' returned '0': CMAKE_PREFIX_PATH=/opt/ros/humble /usr/bin/cmake /home/rovasura/ros2_ws/src/ldrobot-lidar-ros2/ldlidar_component -DCMAKE_INSTALL_PREFIX=/home/rovasura/ros2_ws/install/ldlidar_component
[1.056s] Invoking command in '/home/rovasura/ros2_ws/build/ldlidar_component': CMAKE_PREFIX_PATH=/opt/ros/humble /usr/bin/cmake --build /home/rovasura/ros2_ws/build/ldlidar_component -- -j4 -l4
[1.118s] [ 10%] [32mBuilding CXX object ldlidar_driver/CMakeFiles/ldlidar.dir/src/core/ldlidar_driver.cpp.o[0m
[2.032s] [ 20%] [32mBuilding CXX object ldlidar_driver/CMakeFiles/ldlidar.dir/src/logger/log_module.cpp.o[0m
[2.451s] [ 30%] [32mBuilding CXX object ldlidar_driver/CMakeFiles/ldlidar.dir/src/networkcom/network_socket_interface_linux.cpp.o[0m
[3.126s] [ 40%] [32mBuilding CXX object ldlidar_driver/CMakeFiles/ldlidar.dir/src/serialcom/serial_interface_linux.cpp.o[0m
[3.660s] [ 50%] [32mBuilding CXX object ldlidar_driver/CMakeFiles/ldlidar.dir/src/filter/tofbf.cpp.o[0m
[4.445s] [ 60%] [32mBuilding CXX object ldlidar_driver/CMakeFiles/ldlidar.dir/src/dataprocess/lipkg.cpp.o[0m
[5.169s] [ 70%] [32m[1mLinking CXX static library libldlidar.a[0m
[5.210s] [ 70%] Built target ldlidar
[5.236s] [ 80%] [32mBuilding CXX object CMakeFiles/ldlidar_component.dir/tools/src/ldlidar_tools.cpp.o[0m
[8.838s] [ 90%] [32mBuilding CXX object CMakeFiles/ldlidar_component.dir/component/src/ldlidar_component.cpp.o[0m
[19.976s] [100%] [32m[1mLinking CXX shared library libldlidar_component.so[0m
[20.360s] [100%] Built target ldlidar_component
[20.373s] Invoked command in '/home/rovasura/ros2_ws/build/ldlidar_component' returned '0': CMAKE_PREFIX_PATH=/opt/ros/humble /usr/bin/cmake --build /home/rovasura/ros2_ws/build/ldlidar_component -- -j4 -l4
[20.383s] Invoking command in '/home/rovasura/ros2_ws/build/ldlidar_component': CMAKE_PREFIX_PATH=/opt/ros/humble /usr/bin/cmake --install /home/rovasura/ros2_ws/build/ldlidar_component
[20.392s] -- Install configuration: "Release"
[20.392s] -- Execute custom install script
[20.393s] -- Symlinking: /home/rovasura/ros2_ws/install/ldlidar_component/lib/libldlidar_component.so
[20.404s] -- Symlinking: /home/rovasura/ros2_ws/install/ldlidar_component/include/ldlidar_component//defines.hpp
[20.415s] -- Symlinking: /home/rovasura/ros2_ws/install/ldlidar_component/include/ldlidar_component//ldlidar_component.hpp
[20.428s] -- Symlinking: /home/rovasura/ros2_ws/install/ldlidar_component/include/ldlidar_component//ldlidar_tools.hpp
[20.441s] -- Symlinking: /home/rovasura/ros2_ws/install/ldlidar_component/include/ldlidar_component//visibility_control.hpp
[20.454s] -- Symlinking: /home/rovasura/ros2_ws/install/ldlidar_component/include/ldlidar_component//ldlidar_datatype.h
[20.462s] -- Symlinking: /home/rovasura/ros2_ws/install/ldlidar_component/include/ldlidar_component//ldlidar_driver.h
[20.473s] -- Symlinking: /home/rovasura/ros2_ws/install/ldlidar_component/include/ldlidar_component//lipkg.h
[20.486s] -- Symlinking: /home/rovasura/ros2_ws/install/ldlidar_component/include/ldlidar_component//tofbf.h
[20.498s] -- Symlinking: /home/rovasura/ros2_ws/install/ldlidar_component/include/ldlidar_component//log_module.h
[20.508s] -- Symlinking: /home/rovasura/ros2_ws/install/ldlidar_component/include/ldlidar_component//network_socket_interface_linux.h
[20.518s] -- Symlinking: /home/rovasura/ros2_ws/install/ldlidar_component/include/ldlidar_component//serial_interface_linux.h
[20.527s] -- Symlinking: /home/rovasura/ros2_ws/install/ldlidar_component/share/ldlidar_component/environment/library_path.sh
[20.540s] -- Symlinking: /home/rovasura/ros2_ws/install/ldlidar_component/share/ldlidar_component/environment/library_path.dsv
[20.551s] -- Symlinking: /home/rovasura/ros2_ws/install/ldlidar_component/share/ament_index/resource_index/package_run_dependencies/ldlidar_component
[20.561s] -- Symlinking: /home/rovasura/ros2_ws/install/ldlidar_component/share/ament_index/resource_index/parent_prefix_path/ldlidar_component
[20.571s] -- Symlinking: /home/rovasura/ros2_ws/install/ldlidar_component/share/ldlidar_component/environment/ament_prefix_path.sh
[20.580s] -- Symlinking: /home/rovasura/ros2_ws/install/ldlidar_component/share/ldlidar_component/environment/ament_prefix_path.dsv
[20.589s] -- Symlinking: /home/rovasura/ros2_ws/install/ldlidar_component/share/ldlidar_component/environment/path.sh
[20.598s] -- Symlinking: /home/rovasura/ros2_ws/install/ldlidar_component/share/ldlidar_component/environment/path.dsv
[20.608s] -- Symlinking: /home/rovasura/ros2_ws/install/ldlidar_component/share/ldlidar_component/local_setup.bash
[20.622s] -- Symlinking: /home/rovasura/ros2_ws/install/ldlidar_component/share/ldlidar_component/local_setup.sh
[20.631s] -- Symlinking: /home/rovasura/ros2_ws/install/ldlidar_component/share/ldlidar_component/local_setup.zsh
[20.641s] -- Symlinking: /home/rovasura/ros2_ws/install/ldlidar_component/share/ldlidar_component/local_setup.dsv
[20.651s] -- Symlinking: /home/rovasura/ros2_ws/install/ldlidar_component/share/ldlidar_component/package.dsv
[20.660s] -- Symlinking: /home/rovasura/ros2_ws/install/ldlidar_component/share/ament_index/resource_index/packages/ldlidar_component
[20.670s] -- Symlinking: /home/rovasura/ros2_ws/install/ldlidar_component/share/ament_index/resource_index/rclcpp_components/ldlidar_component
[20.679s] -- Symlinking: /home/rovasura/ros2_ws/install/ldlidar_component/share/ldlidar_component/cmake/ament_cmake_export_include_directories-extras.cmake
[20.688s] -- Symlinking: /home/rovasura/ros2_ws/install/ldlidar_component/share/ldlidar_component/cmake/ament_cmake_export_libraries-extras.cmake
[20.698s] -- Symlinking: /home/rovasura/ros2_ws/install/ldlidar_component/share/ldlidar_component/cmake/ament_cmake_export_dependencies-extras.cmake
[20.707s] -- Symlinking: /home/rovasura/ros2_ws/install/ldlidar_component/share/ldlidar_component/cmake/ldlidar_componentConfig.cmake
[20.717s] -- Symlinking: /home/rovasura/ros2_ws/install/ldlidar_component/share/ldlidar_component/cmake/ldlidar_componentConfig-version.cmake
[20.726s] -- Symlinking: /home/rovasura/ros2_ws/install/ldlidar_component/share/ldlidar_component/package.xml
[20.738s] Invoked command in '/home/rovasura/ros2_ws/build/ldlidar_component' returned '0': CMAKE_PREFIX_PATH=/opt/ros/humble /usr/bin/cmake --install /home/rovasura/ros2_ws/build/ldlidar_component
