[0.020s] Invoking command in '/home/rovasura/ros2_ws/build/skid_steer_robot': CMAKE_PREFIX_PATH=${CMAKE_PREFIX_PATH}:/opt/ros/humble /usr/bin/cmake --build /home/rovasura/ros2_ws/build/skid_steer_robot -- -j4 -l4
[0.055s] -- Found ament_cmake: 1.3.12 (/opt/ros/humble/share/ament_cmake/cmake)
[0.189s] -- Override CMake install command with custom implementation using symlinks instead of copying resources
[0.197s] -- Found rclcpp: 16.0.14 (/opt/ros/humble/share/rclcpp/cmake)
[0.228s] -- Found rosidl_generator_c: 3.1.7 (/opt/ros/humble/share/rosidl_generator_c/cmake)
[0.231s] -- Found rosidl_adapter: 3.1.7 (/opt/ros/humble/share/rosidl_adapter/cmake)
[0.237s] -- Found rosidl_generator_cpp: 3.1.7 (/opt/ros/humble/share/rosidl_generator_cpp/cmake)
[0.248s] -- Using all available rosidl_typesupport_c: rosidl_typesupport_fastrtps_c;rosidl_typesupport_introspection_c
[0.263s] -- Using all available rosidl_typesupport_cpp: rosidl_typesupport_fastrtps_cpp;rosidl_typesupport_introspection_cpp
[0.301s] -- Found rmw_implementation_cmake: 6.1.2 (/opt/ros/humble/share/rmw_implementation_cmake/cmake)
[0.301s] -- Found rmw_fastrtps_cpp: 6.2.8 (/opt/ros/humble/share/rmw_fastrtps_cpp/cmake)
[0.422s] -- Using RMW implementation 'rmw_fastrtps_cpp' as default
[0.472s] -- Found geometry_msgs: 4.9.0 (/opt/ros/humble/share/geometry_msgs/cmake)
[0.484s] -- Found sensor_msgs: 4.9.0 (/opt/ros/humble/share/sensor_msgs/cmake)
[0.502s] -- Found nav_msgs: 4.9.0 (/opt/ros/humble/share/nav_msgs/cmake)
[0.519s] -- Found tf2: 0.25.15 (/opt/ros/humble/share/tf2/cmake)
[0.523s] -- Found tf2_ros: 0.25.15 (/opt/ros/humble/share/tf2_ros/cmake)
[0.603s] -- Found urdf: 2.6.1 (/opt/ros/humble/share/urdf/cmake)
[0.625s] -- Found xacro: 2.0.13 (/opt/ros/humble/share/xacro/cmake)
[0.626s] -- Found robot_state_publisher: 3.0.3 (/opt/ros/humble/share/robot_state_publisher/cmake)
[0.630s] -- Found eigen3_cmake_module: 0.1.1 (/opt/ros/humble/share/eigen3_cmake_module/cmake)
[0.632s] -- Ensuring Eigen3 include directory is part of orocos-kdl CMake target
[0.637s] -- Found controller_manager: 2.51.0 (/opt/ros/humble/share/controller_manager/cmake)
[0.730s] -- Found diff_drive_controller: 2.48.0 (/opt/ros/humble/share/diff_drive_controller/cmake)
[0.755s] -- Found gazebo_ros: 3.9.0 (/opt/ros/humble/share/gazebo_ros/cmake)
[0.799s] -- Found DART: /usr/include (Required is at least version "6.6") found components: dart 
[0.834s] -- Found Protobuf: /usr/lib/x86_64-linux-gnu/libprotobuf.so (found version "3.12.4") 
[0.836s] -- Looking for ignition-math6 -- found version 6.15.1
[0.840s] -- Searching for dependencies of ignition-math6
[0.841s] -- Looking for OGRE...
[0.850s] -- Found Ogre Ghadamon (1.9.0)
[0.850s] -- Found OGRE: optimized;/usr/lib/x86_64-linux-gnu/libOgreMain.so;debug;/usr/lib/x86_64-linux-gnu/libOgreMain.so
[0.861s] -- Looking for OGRE_Paging...
[0.861s] -- Found OGRE_Paging: optimized;/usr/lib/x86_64-linux-gnu/libOgrePaging.so;debug;/usr/lib/x86_64-linux-gnu/libOgrePaging.so
[0.862s] -- Looking for OGRE_Terrain...
[0.862s] -- Found OGRE_Terrain: optimized;/usr/lib/x86_64-linux-gnu/libOgreTerrain.so;debug;/usr/lib/x86_64-linux-gnu/libOgreTerrain.so
[0.862s] -- Looking for OGRE_Property...
[0.862s] -- Found OGRE_Property: optimized;/usr/lib/x86_64-linux-gnu/libOgreProperty.so;debug;/usr/lib/x86_64-linux-gnu/libOgreProperty.so
[0.862s] -- Looking for OGRE_RTShaderSystem...
[0.862s] -- Found OGRE_RTShaderSystem: optimized;/usr/lib/x86_64-linux-gnu/libOgreRTShaderSystem.so;debug;/usr/lib/x86_64-linux-gnu/libOgreRTShaderSystem.so
[0.863s] -- Looking for OGRE_Volume...
[0.863s] -- Found OGRE_Volume: optimized;/usr/lib/x86_64-linux-gnu/libOgreVolume.so;debug;/usr/lib/x86_64-linux-gnu/libOgreVolume.so
[0.863s] -- Looking for OGRE_Overlay...
[0.863s] -- Found OGRE_Overlay: optimized;/usr/lib/x86_64-linux-gnu/libOgreOverlay.so;debug;/usr/lib/x86_64-linux-gnu/libOgreOverlay.so
[1.040s] -- Looking for ignition-math6 -- found version 6.15.1
[1.041s] -- Looking for ignition-transport8 -- found version 8.2.1
[1.042s] -- Searching for dependencies of ignition-transport8
[1.064s] -- Found Protobuf: /usr/lib/x86_64-linux-gnu/libprotobuf.so (found suitable version "3.12.4", minimum required is "3") 
[1.074s] -- Config-file not installed for ZeroMQ -- checking for pkg-config
[1.083s] -- Checking for module 'libzmq >= 4'
[1.106s] --   Found libzmq , version 4.3.4
[1.182s] -- Checking for module 'uuid'
[1.205s] --   Found uuid, version 2.37.2
[1.267s] -- Looking for ignition-msgs5 -- found version 5.8.1
[1.268s] -- Searching for dependencies of ignition-msgs5
[1.289s] -- Looking for ignition-math6 -- found version 6.15.1
[1.300s] -- Looking for ignition-msgs5 -- found version 5.8.1
[1.300s] -- Looking for ignition-common3 -- found version 3.14.0
[1.301s] -- Searching for dependencies of ignition-common3
[1.301s] -- Looking for dlfcn.h - found
[1.301s] -- Looking for libdl - found
[1.316s] -- Searching for <ignition-common3> component [graphics]
[1.316s] -- Looking for ignition-common3-graphics -- found version 3.14.0
[1.317s] -- Searching for dependencies of ignition-common3-graphics
[1.317s] -- Looking for ignition-math6 -- found version 6.15.1
[1.318s] -- Looking for ignition-fuel_tools4 -- found version 4.4.0
[1.319s] -- Searching for dependencies of ignition-fuel_tools4
[1.374s] -- Checking for module 'jsoncpp'
[1.398s] --   Found jsoncpp, version 1.9.5
[1.470s] -- Checking for module 'libzip'
[1.496s] --   Found libzip, version 1.7.3
[1.561s] -- Looking for ignition-common3 -- found version 3.14.0
[1.561s] -- Looking for ignition-math6 -- found version 6.15.1
[1.562s] -- Looking for ignition-msgs5 -- found version 5.8.1
[1.563s] -- Gazebo version: 11.10
[1.565s] -- Found ament_lint_auto: 0.12.14 (/opt/ros/humble/share/ament_lint_auto/cmake)
[1.648s] -- Added test 'flake8' to check Python code syntax and style conventions
[1.648s] -- Added test 'lint_cmake' to check CMake code style
[1.649s] -- Added test 'pep257' to check Python code against some of the docstring style conventions in PEP 257
[1.650s] -- Added test 'xmllint' to check XML markup files
[1.652s] -- Configuring done
[1.658s] -- Generating done
[1.662s] -- Build files have been written to: /home/rovasura/ros2_ws/build/skid_steer_robot
[1.702s] Invoked command in '/home/rovasura/ros2_ws/build/skid_steer_robot' returned '0': CMAKE_PREFIX_PATH=${CMAKE_PREFIX_PATH}:/opt/ros/humble /usr/bin/cmake --build /home/rovasura/ros2_ws/build/skid_steer_robot -- -j4 -l4
[1.715s] Invoking command in '/home/rovasura/ros2_ws/build/skid_steer_robot': CMAKE_PREFIX_PATH=${CMAKE_PREFIX_PATH}:/opt/ros/humble /usr/bin/cmake --install /home/rovasura/ros2_ws/build/skid_steer_robot
[1.724s] -- Install configuration: ""
[1.725s] -- Execute custom install script
[1.725s] -- Up-to-date symlink: /home/rovasura/ros2_ws/install/skid_steer_robot/share/ament_index/resource_index/package_run_dependencies/skid_steer_robot
[1.725s] -- Up-to-date symlink: /home/rovasura/ros2_ws/install/skid_steer_robot/share/ament_index/resource_index/parent_prefix_path/skid_steer_robot
[1.725s] -- Up-to-date symlink: /home/rovasura/ros2_ws/install/skid_steer_robot/share/skid_steer_robot/environment/ament_prefix_path.sh
[1.726s] -- Up-to-date symlink: /home/rovasura/ros2_ws/install/skid_steer_robot/share/skid_steer_robot/environment/ament_prefix_path.dsv
[1.726s] -- Up-to-date symlink: /home/rovasura/ros2_ws/install/skid_steer_robot/share/skid_steer_robot/environment/path.sh
[1.727s] -- Up-to-date symlink: /home/rovasura/ros2_ws/install/skid_steer_robot/share/skid_steer_robot/environment/path.dsv
[1.727s] -- Up-to-date symlink: /home/rovasura/ros2_ws/install/skid_steer_robot/share/skid_steer_robot/local_setup.bash
[1.727s] -- Up-to-date symlink: /home/rovasura/ros2_ws/install/skid_steer_robot/share/skid_steer_robot/local_setup.sh
[1.727s] -- Up-to-date symlink: /home/rovasura/ros2_ws/install/skid_steer_robot/share/skid_steer_robot/local_setup.zsh
[1.727s] -- Up-to-date symlink: /home/rovasura/ros2_ws/install/skid_steer_robot/share/skid_steer_robot/local_setup.dsv
[1.727s] -- Symlinking: /home/rovasura/ros2_ws/install/skid_steer_robot/share/skid_steer_robot/package.dsv
[1.739s] -- Up-to-date symlink: /home/rovasura/ros2_ws/install/skid_steer_robot/share/ament_index/resource_index/packages/skid_steer_robot
[1.739s] -- Up-to-date symlink: /home/rovasura/ros2_ws/install/skid_steer_robot/share/skid_steer_robot/cmake/skid_steer_robotConfig.cmake
[1.739s] -- Up-to-date symlink: /home/rovasura/ros2_ws/install/skid_steer_robot/share/skid_steer_robot/cmake/skid_steer_robotConfig-version.cmake
[1.739s] -- Up-to-date symlink: /home/rovasura/ros2_ws/install/skid_steer_robot/share/skid_steer_robot/package.xml
[1.739s] -- Up-to-date symlink: /home/rovasura/ros2_ws/install/skid_steer_robot/share/skid_steer_robot//launch/sim.launch.py
[1.739s] -- Up-to-date symlink: /home/rovasura/ros2_ws/install/skid_steer_robot/share/skid_steer_robot//launch/simple_sim.launch.py
[1.740s] -- Up-to-date symlink: /home/rovasura/ros2_ws/install/skid_steer_robot/share/skid_steer_robot//urdf/skid_steer.urdf
[1.740s] -- Up-to-date symlink: /home/rovasura/ros2_ws/install/skid_steer_robot/share/skid_steer_robot//urdf/skid_steer.urdf.xacro
[1.740s] -- Up-to-date symlink: /home/rovasura/ros2_ws/install/skid_steer_robot/share/skid_steer_robot//config/ros2_control.yaml
[1.740s] -- Up-to-date symlink: /home/rovasura/ros2_ws/install/skid_steer_robot/share/skid_steer_robot//meshes/mountain.dae
[1.740s] -- Up-to-date symlink: /home/rovasura/ros2_ws/install/skid_steer_robot/share/skid_steer_robot//worlds/world.sdf
[1.741s] -- Up-to-date symlink: /home/rovasura/ros2_ws/install/skid_steer_robot/share/skid_steer_robot/models/skid_steer_robot//model.sdf
[1.741s] -- Up-to-date symlink: /home/rovasura/ros2_ws/install/skid_steer_robot/share/skid_steer_robot/models/skid_steer_robot//model.config
[1.745s] Invoked command in '/home/rovasura/ros2_ws/build/skid_steer_robot' returned '0': CMAKE_PREFIX_PATH=${CMAKE_PREFIX_PATH}:/opt/ros/humble /usr/bin/cmake --install /home/rovasura/ros2_ws/build/skid_steer_robot
