[0.019s] Invoking command in '/home/rovasura/ros2_ws/build/ldlidar': AMENT_PREFIX_PATH=/home/rovasura/ros2_ws/install/ldlidar_node:${AMENT_PREFIX_PATH} CMAKE_PREFIX_PATH=/home/rovasura/ros2_ws/install/ldlidar_node:/home/rovasura/ros2_ws/install/ldlidar_component:/home/rovasura/ros2_ws/install/skid_steer_robot:/opt/ros/humble /usr/bin/cmake /home/rovasura/ros2_ws/src/ldrobot-lidar-ros2/ldlidar -DCMAKE_INSTALL_PREFIX=/home/rovasura/ros2_ws/install/ldlidar
[0.064s] -- Found ament_cmake: 1.3.12 (/opt/ros/humble/share/ament_cmake/cmake)
[0.333s] -- Found Python3: /usr/bin/python3 (found version "3.10.12") found components: Interpreter 
[0.609s] -- Configuring done
[0.612s] -- Generating done
[0.617s] -- Build files have been written to: /home/rovasura/ros2_ws/build/ldlidar
[0.623s] Invoked command in '/home/rovasura/ros2_ws/build/ldlidar' returned '0': AMENT_PREFIX_PATH=/home/rovasura/ros2_ws/install/ldlidar_node:${AMENT_PREFIX_PATH} CMAKE_PREFIX_PATH=/home/rovasura/ros2_ws/install/ldlidar_node:/home/rovasura/ros2_ws/install/ldlidar_component:/home/rovasura/ros2_ws/install/skid_steer_robot:/opt/ros/humble /usr/bin/cmake /home/rovasura/ros2_ws/src/ldrobot-lidar-ros2/ldlidar -DCMAKE_INSTALL_PREFIX=/home/rovasura/ros2_ws/install/ldlidar
[0.624s] Invoking command in '/home/rovasura/ros2_ws/build/ldlidar': AMENT_PREFIX_PATH=/home/rovasura/ros2_ws/install/ldlidar_node:${AMENT_PREFIX_PATH} CMAKE_PREFIX_PATH=/home/rovasura/ros2_ws/install/ldlidar_node:/home/rovasura/ros2_ws/install/ldlidar_component:/home/rovasura/ros2_ws/install/skid_steer_robot:/opt/ros/humble /usr/bin/cmake --build /home/rovasura/ros2_ws/build/ldlidar -- -j4 -l4
[0.670s] Invoked command in '/home/rovasura/ros2_ws/build/ldlidar' returned '0': AMENT_PREFIX_PATH=/home/rovasura/ros2_ws/install/ldlidar_node:${AMENT_PREFIX_PATH} CMAKE_PREFIX_PATH=/home/rovasura/ros2_ws/install/ldlidar_node:/home/rovasura/ros2_ws/install/ldlidar_component:/home/rovasura/ros2_ws/install/skid_steer_robot:/opt/ros/humble /usr/bin/cmake --build /home/rovasura/ros2_ws/build/ldlidar -- -j4 -l4
[0.673s] Invoking command in '/home/rovasura/ros2_ws/build/ldlidar': AMENT_PREFIX_PATH=/home/rovasura/ros2_ws/install/ldlidar_node:${AMENT_PREFIX_PATH} CMAKE_PREFIX_PATH=/home/rovasura/ros2_ws/install/ldlidar_node:/home/rovasura/ros2_ws/install/ldlidar_component:/home/rovasura/ros2_ws/install/skid_steer_robot:/opt/ros/humble /usr/bin/cmake --install /home/rovasura/ros2_ws/build/ldlidar
[0.678s] -- Install configuration: ""
[0.678s] -- Installing: /home/rovasura/ros2_ws/install/ldlidar/share/ament_index/resource_index/package_run_dependencies/ldlidar
[0.680s] -- Installing: /home/rovasura/ros2_ws/install/ldlidar/share/ament_index/resource_index/parent_prefix_path/ldlidar
[0.680s] -- Installing: /home/rovasura/ros2_ws/install/ldlidar/share/ldlidar/environment/ament_prefix_path.sh
[0.680s] -- Installing: /home/rovasura/ros2_ws/install/ldlidar/share/ldlidar/environment/ament_prefix_path.dsv
[0.682s] -- Installing: /home/rovasura/ros2_ws/install/ldlidar/share/ldlidar/environment/path.sh
[0.682s] -- Installing: /home/rovasura/ros2_ws/install/ldlidar/share/ldlidar/environment/path.dsv
[0.683s] -- Installing: /home/rovasura/ros2_ws/install/ldlidar/share/ldlidar/local_setup.bash
[0.683s] -- Installing: /home/rovasura/ros2_ws/install/ldlidar/share/ldlidar/local_setup.sh
[0.683s] -- Installing: /home/rovasura/ros2_ws/install/ldlidar/share/ldlidar/local_setup.zsh
[0.683s] -- Installing: /home/rovasura/ros2_ws/install/ldlidar/share/ldlidar/local_setup.dsv
[0.683s] -- Installing: /home/rovasura/ros2_ws/install/ldlidar/share/ldlidar/package.dsv
[0.683s] -- Installing: /home/rovasura/ros2_ws/install/ldlidar/share/ament_index/resource_index/packages/ldlidar
[0.683s] -- Installing: /home/rovasura/ros2_ws/install/ldlidar/share/ldlidar/cmake/ldlidarConfig.cmake
[0.683s] -- Installing: /home/rovasura/ros2_ws/install/ldlidar/share/ldlidar/cmake/ldlidarConfig-version.cmake
[0.683s] -- Installing: /home/rovasura/ros2_ws/install/ldlidar/share/ldlidar/package.xml
[0.683s] Invoked command in '/home/rovasura/ros2_ws/build/ldlidar' returned '0': AMENT_PREFIX_PATH=/home/rovasura/ros2_ws/install/ldlidar_node:${AMENT_PREFIX_PATH} CMAKE_PREFIX_PATH=/home/rovasura/ros2_ws/install/ldlidar_node:/home/rovasura/ros2_ws/install/ldlidar_component:/home/rovasura/ros2_ws/install/skid_steer_robot:/opt/ros/humble /usr/bin/cmake --install /home/rovasura/ros2_ws/build/ldlidar
