[0.150s] DEBUG:colcon:Command line arguments: ['/usr/bin/colcon', 'build']
[0.151s] DEBUG:colcon:Parsed command line arguments: Namespace(log_base=None, log_level=None, verb_name='build', build_base='build', install_base='install', merge_install=False, symlink_install=False, test_result_base=None, continue_on_error=False, executor='parallel', parallel_workers=4, event_handlers=None, ignore_user_meta=False, metas=['./colcon.meta'], base_paths=['.'], packages_ignore=None, packages_ignore_regex=None, paths=None, packages_up_to=None, packages_up_to_regex=None, packages_above=None, packages_above_and_dependencies=None, packages_above_depth=None, packages_select_by_dep=None, packages_skip_by_dep=None, packages_skip_up_to=None, packages_select_build_failed=False, packages_skip_build_finished=False, packages_select_test_failures=False, packages_skip_test_passed=False, packages_select=None, packages_skip=None, packages_select_regex=None, packages_skip_regex=None, packages_start=None, packages_end=None, allow_overriding=[], cmake_args=None, cmake_target=None, cmake_target_skip_unavailable=False, cmake_clean_cache=False, cmake_clean_first=False, cmake_force_configure=False, ament_cmake_args=None, catkin_cmake_args=None, catkin_skip_building_tests=False, verb_parser=<colcon_defaults.argument_parser.defaults.DefaultArgumentsDecorator object at 0x743ac82a5db0>, verb_extension=<colcon_core.verb.build.BuildVerb object at 0x743ac82e3ee0>, main=<bound method BuildVerb.main of <colcon_core.verb.build.BuildVerb object at 0x743ac82e3ee0>>)
[0.330s] Level 1:colcon.colcon_core.package_discovery:discover_packages(colcon_meta) check parameters
[0.330s] Level 1:colcon.colcon_core.package_discovery:discover_packages(recursive) check parameters
[0.330s] Level 1:colcon.colcon_core.package_discovery:discover_packages(ignore) check parameters
[0.331s] Level 1:colcon.colcon_core.package_discovery:discover_packages(path) check parameters
[0.331s] Level 1:colcon.colcon_core.package_discovery:discover_packages(colcon_meta) discover
[0.331s] Level 1:colcon.colcon_core.package_discovery:discover_packages(recursive) discover
[0.331s] INFO:colcon.colcon_core.package_discovery:Crawling recursively for packages in '/home/rovasura/ros2_ws'
[0.331s] Level 1:colcon.colcon_core.package_identification:_identify(.) by extensions ['ignore', 'ignore_ament_install']
[0.331s] Level 1:colcon.colcon_core.package_identification:_identify(.) by extension 'ignore'
[0.331s] Level 1:colcon.colcon_core.package_identification:_identify(.) by extension 'ignore_ament_install'
[0.331s] Level 1:colcon.colcon_core.package_identification:_identify(.) by extensions ['colcon_pkg']
[0.331s] Level 1:colcon.colcon_core.package_identification:_identify(.) by extension 'colcon_pkg'
[0.331s] Level 1:colcon.colcon_core.package_identification:_identify(.) by extensions ['colcon_meta']
[0.331s] Level 1:colcon.colcon_core.package_identification:_identify(.) by extension 'colcon_meta'
[0.331s] Level 1:colcon.colcon_core.package_identification:_identify(.) by extensions ['ros']
[0.331s] Level 1:colcon.colcon_core.package_identification:_identify(.) by extension 'ros'
[0.343s] Level 1:colcon.colcon_core.package_identification:_identify(.) by extensions ['cmake', 'python']
[0.343s] Level 1:colcon.colcon_core.package_identification:_identify(.) by extension 'cmake'
[0.343s] Level 1:colcon.colcon_core.package_identification:_identify(.) by extension 'python'
[0.343s] Level 1:colcon.colcon_core.package_identification:_identify(.) by extensions ['python_setup_py']
[0.343s] Level 1:colcon.colcon_core.package_identification:_identify(.) by extension 'python_setup_py'
[0.344s] Level 1:colcon.colcon_core.package_identification:_identify(build) by extensions ['ignore', 'ignore_ament_install']
[0.344s] Level 1:colcon.colcon_core.package_identification:_identify(build) by extension 'ignore'
[0.344s] Level 1:colcon.colcon_core.package_identification:_identify(build) ignored
[0.344s] Level 1:colcon.colcon_core.package_identification:_identify(install) by extensions ['ignore', 'ignore_ament_install']
[0.344s] Level 1:colcon.colcon_core.package_identification:_identify(install) by extension 'ignore'
[0.344s] Level 1:colcon.colcon_core.package_identification:_identify(install) ignored
[0.344s] Level 1:colcon.colcon_core.package_identification:_identify(log) by extensions ['ignore', 'ignore_ament_install']
[0.344s] Level 1:colcon.colcon_core.package_identification:_identify(log) by extension 'ignore'
[0.344s] Level 1:colcon.colcon_core.package_identification:_identify(log) ignored
[0.345s] Level 1:colcon.colcon_core.package_identification:_identify(src) by extensions ['ignore', 'ignore_ament_install']
[0.345s] Level 1:colcon.colcon_core.package_identification:_identify(src) by extension 'ignore'
[0.345s] Level 1:colcon.colcon_core.package_identification:_identify(src) by extension 'ignore_ament_install'
[0.345s] Level 1:colcon.colcon_core.package_identification:_identify(src) by extensions ['colcon_pkg']
[0.345s] Level 1:colcon.colcon_core.package_identification:_identify(src) by extension 'colcon_pkg'
[0.345s] Level 1:colcon.colcon_core.package_identification:_identify(src) by extensions ['colcon_meta']
[0.345s] Level 1:colcon.colcon_core.package_identification:_identify(src) by extension 'colcon_meta'
[0.345s] Level 1:colcon.colcon_core.package_identification:_identify(src) by extensions ['ros']
[0.345s] Level 1:colcon.colcon_core.package_identification:_identify(src) by extension 'ros'
[0.345s] Level 1:colcon.colcon_core.package_identification:_identify(src) by extensions ['cmake', 'python']
[0.345s] Level 1:colcon.colcon_core.package_identification:_identify(src) by extension 'cmake'
[0.345s] Level 1:colcon.colcon_core.package_identification:_identify(src) by extension 'python'
[0.345s] Level 1:colcon.colcon_core.package_identification:_identify(src) by extensions ['python_setup_py']
[0.345s] Level 1:colcon.colcon_core.package_identification:_identify(src) by extension 'python_setup_py'
[0.345s] Level 1:colcon.colcon_core.package_identification:_identify(src/ldrobot-lidar-ros2) by extensions ['ignore', 'ignore_ament_install']
[0.345s] Level 1:colcon.colcon_core.package_identification:_identify(src/ldrobot-lidar-ros2) by extension 'ignore'
[0.346s] Level 1:colcon.colcon_core.package_identification:_identify(src/ldrobot-lidar-ros2) by extension 'ignore_ament_install'
[0.346s] Level 1:colcon.colcon_core.package_identification:_identify(src/ldrobot-lidar-ros2) by extensions ['colcon_pkg']
[0.346s] Level 1:colcon.colcon_core.package_identification:_identify(src/ldrobot-lidar-ros2) by extension 'colcon_pkg'
[0.346s] Level 1:colcon.colcon_core.package_identification:_identify(src/ldrobot-lidar-ros2) by extensions ['colcon_meta']
[0.346s] Level 1:colcon.colcon_core.package_identification:_identify(src/ldrobot-lidar-ros2) by extension 'colcon_meta'
[0.346s] Level 1:colcon.colcon_core.package_identification:_identify(src/ldrobot-lidar-ros2) by extensions ['ros']
[0.346s] Level 1:colcon.colcon_core.package_identification:_identify(src/ldrobot-lidar-ros2) by extension 'ros'
[0.346s] Level 1:colcon.colcon_core.package_identification:_identify(src/ldrobot-lidar-ros2) by extensions ['cmake', 'python']
[0.346s] Level 1:colcon.colcon_core.package_identification:_identify(src/ldrobot-lidar-ros2) by extension 'cmake'
[0.346s] Level 1:colcon.colcon_core.package_identification:_identify(src/ldrobot-lidar-ros2) by extension 'python'
[0.346s] Level 1:colcon.colcon_core.package_identification:_identify(src/ldrobot-lidar-ros2) by extensions ['python_setup_py']
[0.346s] Level 1:colcon.colcon_core.package_identification:_identify(src/ldrobot-lidar-ros2) by extension 'python_setup_py'
[0.346s] Level 1:colcon.colcon_core.package_identification:_identify(src/ldrobot-lidar-ros2/3d_model) by extensions ['ignore', 'ignore_ament_install']
[0.346s] Level 1:colcon.colcon_core.package_identification:_identify(src/ldrobot-lidar-ros2/3d_model) by extension 'ignore'
[0.346s] Level 1:colcon.colcon_core.package_identification:_identify(src/ldrobot-lidar-ros2/3d_model) by extension 'ignore_ament_install'
[0.346s] Level 1:colcon.colcon_core.package_identification:_identify(src/ldrobot-lidar-ros2/3d_model) by extensions ['colcon_pkg']
[0.346s] Level 1:colcon.colcon_core.package_identification:_identify(src/ldrobot-lidar-ros2/3d_model) by extension 'colcon_pkg'
[0.346s] Level 1:colcon.colcon_core.package_identification:_identify(src/ldrobot-lidar-ros2/3d_model) by extensions ['colcon_meta']
[0.347s] Level 1:colcon.colcon_core.package_identification:_identify(src/ldrobot-lidar-ros2/3d_model) by extension 'colcon_meta'
[0.347s] Level 1:colcon.colcon_core.package_identification:_identify(src/ldrobot-lidar-ros2/3d_model) by extensions ['ros']
[0.347s] Level 1:colcon.colcon_core.package_identification:_identify(src/ldrobot-lidar-ros2/3d_model) by extension 'ros'
[0.347s] Level 1:colcon.colcon_core.package_identification:_identify(src/ldrobot-lidar-ros2/3d_model) by extensions ['cmake', 'python']
[0.347s] Level 1:colcon.colcon_core.package_identification:_identify(src/ldrobot-lidar-ros2/3d_model) by extension 'cmake'
[0.347s] Level 1:colcon.colcon_core.package_identification:_identify(src/ldrobot-lidar-ros2/3d_model) by extension 'python'
[0.347s] Level 1:colcon.colcon_core.package_identification:_identify(src/ldrobot-lidar-ros2/3d_model) by extensions ['python_setup_py']
[0.347s] Level 1:colcon.colcon_core.package_identification:_identify(src/ldrobot-lidar-ros2/3d_model) by extension 'python_setup_py'
[0.347s] Level 1:colcon.colcon_core.package_identification:_identify(src/ldrobot-lidar-ros2/docs) by extensions ['ignore', 'ignore_ament_install']
[0.347s] Level 1:colcon.colcon_core.package_identification:_identify(src/ldrobot-lidar-ros2/docs) by extension 'ignore'
[0.347s] Level 1:colcon.colcon_core.package_identification:_identify(src/ldrobot-lidar-ros2/docs) by extension 'ignore_ament_install'
[0.347s] Level 1:colcon.colcon_core.package_identification:_identify(src/ldrobot-lidar-ros2/docs) by extensions ['colcon_pkg']
[0.347s] Level 1:colcon.colcon_core.package_identification:_identify(src/ldrobot-lidar-ros2/docs) by extension 'colcon_pkg'
[0.347s] Level 1:colcon.colcon_core.package_identification:_identify(src/ldrobot-lidar-ros2/docs) by extensions ['colcon_meta']
[0.347s] Level 1:colcon.colcon_core.package_identification:_identify(src/ldrobot-lidar-ros2/docs) by extension 'colcon_meta'
[0.347s] Level 1:colcon.colcon_core.package_identification:_identify(src/ldrobot-lidar-ros2/docs) by extensions ['ros']
[0.347s] Level 1:colcon.colcon_core.package_identification:_identify(src/ldrobot-lidar-ros2/docs) by extension 'ros'
[0.347s] Level 1:colcon.colcon_core.package_identification:_identify(src/ldrobot-lidar-ros2/docs) by extensions ['cmake', 'python']
[0.348s] Level 1:colcon.colcon_core.package_identification:_identify(src/ldrobot-lidar-ros2/docs) by extension 'cmake'
[0.348s] Level 1:colcon.colcon_core.package_identification:_identify(src/ldrobot-lidar-ros2/docs) by extension 'python'
[0.348s] Level 1:colcon.colcon_core.package_identification:_identify(src/ldrobot-lidar-ros2/docs) by extensions ['python_setup_py']
[0.348s] Level 1:colcon.colcon_core.package_identification:_identify(src/ldrobot-lidar-ros2/docs) by extension 'python_setup_py'
[0.348s] Level 1:colcon.colcon_core.package_identification:_identify(src/ldrobot-lidar-ros2/images) by extensions ['ignore', 'ignore_ament_install']
[0.348s] Level 1:colcon.colcon_core.package_identification:_identify(src/ldrobot-lidar-ros2/images) by extension 'ignore'
[0.348s] Level 1:colcon.colcon_core.package_identification:_identify(src/ldrobot-lidar-ros2/images) by extension 'ignore_ament_install'
[0.348s] Level 1:colcon.colcon_core.package_identification:_identify(src/ldrobot-lidar-ros2/images) by extensions ['colcon_pkg']
[0.348s] Level 1:colcon.colcon_core.package_identification:_identify(src/ldrobot-lidar-ros2/images) by extension 'colcon_pkg'
[0.348s] Level 1:colcon.colcon_core.package_identification:_identify(src/ldrobot-lidar-ros2/images) by extensions ['colcon_meta']
[0.348s] Level 1:colcon.colcon_core.package_identification:_identify(src/ldrobot-lidar-ros2/images) by extension 'colcon_meta'
[0.348s] Level 1:colcon.colcon_core.package_identification:_identify(src/ldrobot-lidar-ros2/images) by extensions ['ros']
[0.348s] Level 1:colcon.colcon_core.package_identification:_identify(src/ldrobot-lidar-ros2/images) by extension 'ros'
[0.348s] Level 1:colcon.colcon_core.package_identification:_identify(src/ldrobot-lidar-ros2/images) by extensions ['cmake', 'python']
[0.348s] Level 1:colcon.colcon_core.package_identification:_identify(src/ldrobot-lidar-ros2/images) by extension 'cmake'
[0.348s] Level 1:colcon.colcon_core.package_identification:_identify(src/ldrobot-lidar-ros2/images) by extension 'python'
[0.348s] Level 1:colcon.colcon_core.package_identification:_identify(src/ldrobot-lidar-ros2/images) by extensions ['python_setup_py']
[0.348s] Level 1:colcon.colcon_core.package_identification:_identify(src/ldrobot-lidar-ros2/images) by extension 'python_setup_py'
[0.349s] Level 1:colcon.colcon_core.package_identification:_identify(src/ldrobot-lidar-ros2/ldlidar) by extensions ['ignore', 'ignore_ament_install']
[0.349s] Level 1:colcon.colcon_core.package_identification:_identify(src/ldrobot-lidar-ros2/ldlidar) by extension 'ignore'
[0.349s] Level 1:colcon.colcon_core.package_identification:_identify(src/ldrobot-lidar-ros2/ldlidar) by extension 'ignore_ament_install'
[0.349s] Level 1:colcon.colcon_core.package_identification:_identify(src/ldrobot-lidar-ros2/ldlidar) by extensions ['colcon_pkg']
[0.349s] Level 1:colcon.colcon_core.package_identification:_identify(src/ldrobot-lidar-ros2/ldlidar) by extension 'colcon_pkg'
[0.349s] Level 1:colcon.colcon_core.package_identification:_identify(src/ldrobot-lidar-ros2/ldlidar) by extensions ['colcon_meta']
[0.349s] Level 1:colcon.colcon_core.package_identification:_identify(src/ldrobot-lidar-ros2/ldlidar) by extension 'colcon_meta'
[0.349s] Level 1:colcon.colcon_core.package_identification:_identify(src/ldrobot-lidar-ros2/ldlidar) by extensions ['ros']
[0.349s] Level 1:colcon.colcon_core.package_identification:_identify(src/ldrobot-lidar-ros2/ldlidar) by extension 'ros'
[0.352s] DEBUG:colcon.colcon_core.package_identification:Package 'src/ldrobot-lidar-ros2/ldlidar' with type 'ros.ament_cmake' and name 'ldlidar'
[0.352s] Level 1:colcon.colcon_core.package_identification:_identify(src/ldrobot-lidar-ros2/ldlidar_component) by extensions ['ignore', 'ignore_ament_install']
[0.352s] Level 1:colcon.colcon_core.package_identification:_identify(src/ldrobot-lidar-ros2/ldlidar_component) by extension 'ignore'
[0.352s] Level 1:colcon.colcon_core.package_identification:_identify(src/ldrobot-lidar-ros2/ldlidar_component) by extension 'ignore_ament_install'
[0.352s] Level 1:colcon.colcon_core.package_identification:_identify(src/ldrobot-lidar-ros2/ldlidar_component) by extensions ['colcon_pkg']
[0.352s] Level 1:colcon.colcon_core.package_identification:_identify(src/ldrobot-lidar-ros2/ldlidar_component) by extension 'colcon_pkg'
[0.352s] Level 1:colcon.colcon_core.package_identification:_identify(src/ldrobot-lidar-ros2/ldlidar_component) by extensions ['colcon_meta']
[0.352s] Level 1:colcon.colcon_core.package_identification:_identify(src/ldrobot-lidar-ros2/ldlidar_component) by extension 'colcon_meta'
[0.352s] Level 1:colcon.colcon_core.package_identification:_identify(src/ldrobot-lidar-ros2/ldlidar_component) by extensions ['ros']
[0.352s] Level 1:colcon.colcon_core.package_identification:_identify(src/ldrobot-lidar-ros2/ldlidar_component) by extension 'ros'
[0.354s] DEBUG:colcon.colcon_core.package_identification:Package 'src/ldrobot-lidar-ros2/ldlidar_component' with type 'ros.ament_cmake' and name 'ldlidar_component'
[0.354s] Level 1:colcon.colcon_core.package_identification:_identify(src/ldrobot-lidar-ros2/ldlidar_node) by extensions ['ignore', 'ignore_ament_install']
[0.354s] Level 1:colcon.colcon_core.package_identification:_identify(src/ldrobot-lidar-ros2/ldlidar_node) by extension 'ignore'
[0.354s] Level 1:colcon.colcon_core.package_identification:_identify(src/ldrobot-lidar-ros2/ldlidar_node) by extension 'ignore_ament_install'
[0.354s] Level 1:colcon.colcon_core.package_identification:_identify(src/ldrobot-lidar-ros2/ldlidar_node) by extensions ['colcon_pkg']
[0.354s] Level 1:colcon.colcon_core.package_identification:_identify(src/ldrobot-lidar-ros2/ldlidar_node) by extension 'colcon_pkg'
[0.355s] Level 1:colcon.colcon_core.package_identification:_identify(src/ldrobot-lidar-ros2/ldlidar_node) by extensions ['colcon_meta']
[0.355s] Level 1:colcon.colcon_core.package_identification:_identify(src/ldrobot-lidar-ros2/ldlidar_node) by extension 'colcon_meta'
[0.355s] Level 1:colcon.colcon_core.package_identification:_identify(src/ldrobot-lidar-ros2/ldlidar_node) by extensions ['ros']
[0.355s] Level 1:colcon.colcon_core.package_identification:_identify(src/ldrobot-lidar-ros2/ldlidar_node) by extension 'ros'
[0.356s] DEBUG:colcon.colcon_core.package_identification:Package 'src/ldrobot-lidar-ros2/ldlidar_node' with type 'ros.ament_cmake' and name 'ldlidar_node'
[0.356s] Level 1:colcon.colcon_core.package_identification:_identify(src/ldrobot-lidar-ros2/rules) by extensions ['ignore', 'ignore_ament_install']
[0.356s] Level 1:colcon.colcon_core.package_identification:_identify(src/ldrobot-lidar-ros2/rules) by extension 'ignore'
[0.356s] Level 1:colcon.colcon_core.package_identification:_identify(src/ldrobot-lidar-ros2/rules) by extension 'ignore_ament_install'
[0.356s] Level 1:colcon.colcon_core.package_identification:_identify(src/ldrobot-lidar-ros2/rules) by extensions ['colcon_pkg']
[0.356s] Level 1:colcon.colcon_core.package_identification:_identify(src/ldrobot-lidar-ros2/rules) by extension 'colcon_pkg'
[0.356s] Level 1:colcon.colcon_core.package_identification:_identify(src/ldrobot-lidar-ros2/rules) by extensions ['colcon_meta']
[0.356s] Level 1:colcon.colcon_core.package_identification:_identify(src/ldrobot-lidar-ros2/rules) by extension 'colcon_meta'
[0.356s] Level 1:colcon.colcon_core.package_identification:_identify(src/ldrobot-lidar-ros2/rules) by extensions ['ros']
[0.356s] Level 1:colcon.colcon_core.package_identification:_identify(src/ldrobot-lidar-ros2/rules) by extension 'ros'
[0.356s] Level 1:colcon.colcon_core.package_identification:_identify(src/ldrobot-lidar-ros2/rules) by extensions ['cmake', 'python']
[0.356s] Level 1:colcon.colcon_core.package_identification:_identify(src/ldrobot-lidar-ros2/rules) by extension 'cmake'
[0.356s] Level 1:colcon.colcon_core.package_identification:_identify(src/ldrobot-lidar-ros2/rules) by extension 'python'
[0.356s] Level 1:colcon.colcon_core.package_identification:_identify(src/ldrobot-lidar-ros2/rules) by extensions ['python_setup_py']
[0.356s] Level 1:colcon.colcon_core.package_identification:_identify(src/ldrobot-lidar-ros2/rules) by extension 'python_setup_py'
[0.356s] Level 1:colcon.colcon_core.package_identification:_identify(src/ldrobot-lidar-ros2/scripts) by extensions ['ignore', 'ignore_ament_install']
[0.357s] Level 1:colcon.colcon_core.package_identification:_identify(src/ldrobot-lidar-ros2/scripts) by extension 'ignore'
[0.357s] Level 1:colcon.colcon_core.package_identification:_identify(src/ldrobot-lidar-ros2/scripts) by extension 'ignore_ament_install'
[0.357s] Level 1:colcon.colcon_core.package_identification:_identify(src/ldrobot-lidar-ros2/scripts) by extensions ['colcon_pkg']
[0.357s] Level 1:colcon.colcon_core.package_identification:_identify(src/ldrobot-lidar-ros2/scripts) by extension 'colcon_pkg'
[0.357s] Level 1:colcon.colcon_core.package_identification:_identify(src/ldrobot-lidar-ros2/scripts) by extensions ['colcon_meta']
[0.357s] Level 1:colcon.colcon_core.package_identification:_identify(src/ldrobot-lidar-ros2/scripts) by extension 'colcon_meta'
[0.357s] Level 1:colcon.colcon_core.package_identification:_identify(src/ldrobot-lidar-ros2/scripts) by extensions ['ros']
[0.357s] Level 1:colcon.colcon_core.package_identification:_identify(src/ldrobot-lidar-ros2/scripts) by extension 'ros'
[0.357s] Level 1:colcon.colcon_core.package_identification:_identify(src/ldrobot-lidar-ros2/scripts) by extensions ['cmake', 'python']
[0.357s] Level 1:colcon.colcon_core.package_identification:_identify(src/ldrobot-lidar-ros2/scripts) by extension 'cmake'
[0.357s] Level 1:colcon.colcon_core.package_identification:_identify(src/ldrobot-lidar-ros2/scripts) by extension 'python'
[0.357s] Level 1:colcon.colcon_core.package_identification:_identify(src/ldrobot-lidar-ros2/scripts) by extensions ['python_setup_py']
[0.357s] Level 1:colcon.colcon_core.package_identification:_identify(src/ldrobot-lidar-ros2/scripts) by extension 'python_setup_py'
[0.357s] Level 1:colcon.colcon_core.package_identification:_identify(src/skid_steer_robot) by extensions ['ignore', 'ignore_ament_install']
[0.357s] Level 1:colcon.colcon_core.package_identification:_identify(src/skid_steer_robot) by extension 'ignore'
[0.357s] Level 1:colcon.colcon_core.package_identification:_identify(src/skid_steer_robot) by extension 'ignore_ament_install'
[0.357s] Level 1:colcon.colcon_core.package_identification:_identify(src/skid_steer_robot) by extensions ['colcon_pkg']
[0.357s] Level 1:colcon.colcon_core.package_identification:_identify(src/skid_steer_robot) by extension 'colcon_pkg'
[0.358s] Level 1:colcon.colcon_core.package_identification:_identify(src/skid_steer_robot) by extensions ['colcon_meta']
[0.358s] Level 1:colcon.colcon_core.package_identification:_identify(src/skid_steer_robot) by extension 'colcon_meta'
[0.358s] Level 1:colcon.colcon_core.package_identification:_identify(src/skid_steer_robot) by extensions ['ros']
[0.358s] Level 1:colcon.colcon_core.package_identification:_identify(src/skid_steer_robot) by extension 'ros'
[0.360s] DEBUG:colcon.colcon_core.package_identification:Package 'src/skid_steer_robot' with type 'ros.ament_cmake' and name 'skid_steer_robot'
[0.360s] Level 1:colcon.colcon_core.package_discovery:discover_packages(recursive) using defaults
[0.360s] Level 1:colcon.colcon_core.package_discovery:discover_packages(ignore) discover
[0.360s] Level 1:colcon.colcon_core.package_discovery:discover_packages(ignore) using defaults
[0.360s] Level 1:colcon.colcon_core.package_discovery:discover_packages(path) discover
[0.360s] Level 1:colcon.colcon_core.package_discovery:discover_packages(path) using defaults
[0.420s] Level 1:colcon.colcon_core.package_discovery:discover_packages(prefix_path) check parameters
[0.420s] Level 1:colcon.colcon_core.package_discovery:discover_packages(prefix_path) discover
[0.423s] DEBUG:colcon.colcon_installed_package_information.package_discovery:Found 2 installed packages in /home/rovasura/ros2_ws/install
[0.425s] DEBUG:colcon.colcon_installed_package_information.package_discovery:Found 372 installed packages in /opt/ros/humble
[0.427s] Level 1:colcon.colcon_core.package_discovery:discover_packages(prefix_path) using defaults
[0.477s] Level 5:colcon.colcon_core.verb:set package 'ldlidar_component' build argument 'cmake_args' from command line to 'None'
[0.477s] Level 5:colcon.colcon_core.verb:set package 'ldlidar_component' build argument 'cmake_target' from command line to 'None'
[0.477s] Level 5:colcon.colcon_core.verb:set package 'ldlidar_component' build argument 'cmake_target_skip_unavailable' from command line to 'False'
[0.477s] Level 5:colcon.colcon_core.verb:set package 'ldlidar_component' build argument 'cmake_clean_cache' from command line to 'False'
[0.477s] Level 5:colcon.colcon_core.verb:set package 'ldlidar_component' build argument 'cmake_clean_first' from command line to 'False'
[0.477s] Level 5:colcon.colcon_core.verb:set package 'ldlidar_component' build argument 'cmake_force_configure' from command line to 'False'
[0.477s] Level 5:colcon.colcon_core.verb:set package 'ldlidar_component' build argument 'ament_cmake_args' from command line to 'None'
[0.477s] Level 5:colcon.colcon_core.verb:set package 'ldlidar_component' build argument 'catkin_cmake_args' from command line to 'None'
[0.477s] Level 5:colcon.colcon_core.verb:set package 'ldlidar_component' build argument 'catkin_skip_building_tests' from command line to 'False'
[0.477s] DEBUG:colcon.colcon_core.verb:Building package 'ldlidar_component' with the following arguments: {'ament_cmake_args': None, 'build_base': '/home/rovasura/ros2_ws/build/ldlidar_component', 'catkin_cmake_args': None, 'catkin_skip_building_tests': False, 'cmake_args': None, 'cmake_clean_cache': False, 'cmake_clean_first': False, 'cmake_force_configure': False, 'cmake_target': None, 'cmake_target_skip_unavailable': False, 'install_base': '/home/rovasura/ros2_ws/install/ldlidar_component', 'merge_install': False, 'path': '/home/rovasura/ros2_ws/src/ldrobot-lidar-ros2/ldlidar_component', 'symlink_install': False, 'test_result_base': None}
[0.478s] Level 5:colcon.colcon_core.verb:set package 'skid_steer_robot' build argument 'cmake_args' from command line to 'None'
[0.478s] Level 5:colcon.colcon_core.verb:set package 'skid_steer_robot' build argument 'cmake_target' from command line to 'None'
[0.478s] Level 5:colcon.colcon_core.verb:set package 'skid_steer_robot' build argument 'cmake_target_skip_unavailable' from command line to 'False'
[0.478s] Level 5:colcon.colcon_core.verb:set package 'skid_steer_robot' build argument 'cmake_clean_cache' from command line to 'False'
[0.478s] Level 5:colcon.colcon_core.verb:set package 'skid_steer_robot' build argument 'cmake_clean_first' from command line to 'False'
[0.478s] Level 5:colcon.colcon_core.verb:set package 'skid_steer_robot' build argument 'cmake_force_configure' from command line to 'False'
[0.478s] Level 5:colcon.colcon_core.verb:set package 'skid_steer_robot' build argument 'ament_cmake_args' from command line to 'None'
[0.478s] Level 5:colcon.colcon_core.verb:set package 'skid_steer_robot' build argument 'catkin_cmake_args' from command line to 'None'
[0.478s] Level 5:colcon.colcon_core.verb:set package 'skid_steer_robot' build argument 'catkin_skip_building_tests' from command line to 'False'
[0.478s] DEBUG:colcon.colcon_core.verb:Building package 'skid_steer_robot' with the following arguments: {'ament_cmake_args': None, 'build_base': '/home/rovasura/ros2_ws/build/skid_steer_robot', 'catkin_cmake_args': None, 'catkin_skip_building_tests': False, 'cmake_args': None, 'cmake_clean_cache': False, 'cmake_clean_first': False, 'cmake_force_configure': False, 'cmake_target': None, 'cmake_target_skip_unavailable': False, 'install_base': '/home/rovasura/ros2_ws/install/skid_steer_robot', 'merge_install': False, 'path': '/home/rovasura/ros2_ws/src/skid_steer_robot', 'symlink_install': False, 'test_result_base': None}
[0.479s] Level 5:colcon.colcon_core.verb:set package 'ldlidar_node' build argument 'cmake_args' from command line to 'None'
[0.479s] Level 5:colcon.colcon_core.verb:set package 'ldlidar_node' build argument 'cmake_target' from command line to 'None'
[0.479s] Level 5:colcon.colcon_core.verb:set package 'ldlidar_node' build argument 'cmake_target_skip_unavailable' from command line to 'False'
[0.479s] Level 5:colcon.colcon_core.verb:set package 'ldlidar_node' build argument 'cmake_clean_cache' from command line to 'False'
[0.479s] Level 5:colcon.colcon_core.verb:set package 'ldlidar_node' build argument 'cmake_clean_first' from command line to 'False'
[0.479s] Level 5:colcon.colcon_core.verb:set package 'ldlidar_node' build argument 'cmake_force_configure' from command line to 'False'
[0.479s] Level 5:colcon.colcon_core.verb:set package 'ldlidar_node' build argument 'ament_cmake_args' from command line to 'None'
[0.479s] Level 5:colcon.colcon_core.verb:set package 'ldlidar_node' build argument 'catkin_cmake_args' from command line to 'None'
[0.479s] Level 5:colcon.colcon_core.verb:set package 'ldlidar_node' build argument 'catkin_skip_building_tests' from command line to 'False'
[0.479s] DEBUG:colcon.colcon_core.verb:Building package 'ldlidar_node' with the following arguments: {'ament_cmake_args': None, 'build_base': '/home/rovasura/ros2_ws/build/ldlidar_node', 'catkin_cmake_args': None, 'catkin_skip_building_tests': False, 'cmake_args': None, 'cmake_clean_cache': False, 'cmake_clean_first': False, 'cmake_force_configure': False, 'cmake_target': None, 'cmake_target_skip_unavailable': False, 'install_base': '/home/rovasura/ros2_ws/install/ldlidar_node', 'merge_install': False, 'path': '/home/rovasura/ros2_ws/src/ldrobot-lidar-ros2/ldlidar_node', 'symlink_install': False, 'test_result_base': None}
[0.479s] Level 5:colcon.colcon_core.verb:set package 'ldlidar' build argument 'cmake_args' from command line to 'None'
[0.479s] Level 5:colcon.colcon_core.verb:set package 'ldlidar' build argument 'cmake_target' from command line to 'None'
[0.479s] Level 5:colcon.colcon_core.verb:set package 'ldlidar' build argument 'cmake_target_skip_unavailable' from command line to 'False'
[0.479s] Level 5:colcon.colcon_core.verb:set package 'ldlidar' build argument 'cmake_clean_cache' from command line to 'False'
[0.479s] Level 5:colcon.colcon_core.verb:set package 'ldlidar' build argument 'cmake_clean_first' from command line to 'False'
[0.480s] Level 5:colcon.colcon_core.verb:set package 'ldlidar' build argument 'cmake_force_configure' from command line to 'False'
[0.480s] Level 5:colcon.colcon_core.verb:set package 'ldlidar' build argument 'ament_cmake_args' from command line to 'None'
[0.480s] Level 5:colcon.colcon_core.verb:set package 'ldlidar' build argument 'catkin_cmake_args' from command line to 'None'
[0.480s] Level 5:colcon.colcon_core.verb:set package 'ldlidar' build argument 'catkin_skip_building_tests' from command line to 'False'
[0.480s] DEBUG:colcon.colcon_core.verb:Building package 'ldlidar' with the following arguments: {'ament_cmake_args': None, 'build_base': '/home/rovasura/ros2_ws/build/ldlidar', 'catkin_cmake_args': None, 'catkin_skip_building_tests': False, 'cmake_args': None, 'cmake_clean_cache': False, 'cmake_clean_first': False, 'cmake_force_configure': False, 'cmake_target': None, 'cmake_target_skip_unavailable': False, 'install_base': '/home/rovasura/ros2_ws/install/ldlidar', 'merge_install': False, 'path': '/home/rovasura/ros2_ws/src/ldrobot-lidar-ros2/ldlidar', 'symlink_install': False, 'test_result_base': None}
[0.480s] INFO:colcon.colcon_core.executor:Executing jobs using 'parallel' executor
[0.481s] DEBUG:colcon.colcon_parallel_executor.executor.parallel:run_until_complete
[0.481s] INFO:colcon.colcon_ros.task.ament_cmake.build:Building ROS package in '/home/rovasura/ros2_ws/src/ldrobot-lidar-ros2/ldlidar_component' with build type 'ament_cmake'
[0.482s] INFO:colcon.colcon_cmake.task.cmake.build:Building CMake package in '/home/rovasura/ros2_ws/src/ldrobot-lidar-ros2/ldlidar_component'
[0.487s] INFO:colcon.colcon_core.plugin_system:Skipping extension 'colcon_core.shell.bat': Not used on non-Windows systems
[0.487s] INFO:colcon.colcon_core.shell:Skip shell extension 'powershell' for command environment: Not usable outside of PowerShell
[0.487s] DEBUG:colcon.colcon_core.shell:Skip shell extension 'dsv' for command environment
[0.493s] INFO:colcon.colcon_ros.task.ament_cmake.build:Building ROS package in '/home/rovasura/ros2_ws/src/skid_steer_robot' with build type 'ament_cmake'
[0.494s] INFO:colcon.colcon_cmake.task.cmake.build:Building CMake package in '/home/rovasura/ros2_ws/src/skid_steer_robot'
[0.494s] INFO:colcon.colcon_core.shell:Skip shell extension 'powershell' for command environment: Not usable outside of PowerShell
[0.494s] DEBUG:colcon.colcon_core.shell:Skip shell extension 'dsv' for command environment
[0.505s] DEBUG:colcon.colcon_core.event_handler.log_command:Invoking command in '/home/rovasura/ros2_ws/build/ldlidar_component': CMAKE_PREFIX_PATH=${CMAKE_PREFIX_PATH}:/opt/ros/humble /usr/bin/cmake --build /home/rovasura/ros2_ws/build/ldlidar_component -- -j4 -l4
[0.514s] DEBUG:colcon.colcon_core.event_handler.log_command:Invoking command in '/home/rovasura/ros2_ws/build/skid_steer_robot': CMAKE_PREFIX_PATH=${CMAKE_PREFIX_PATH}:/opt/ros/humble /usr/bin/cmake /home/rovasura/ros2_ws/src/skid_steer_robot -DCMAKE_INSTALL_PREFIX=/home/rovasura/ros2_ws/install/skid_steer_robot
[0.747s] DEBUG:colcon.colcon_core.event_handler.log_command:Invoked command in '/home/rovasura/ros2_ws/build/ldlidar_component' returned '0': CMAKE_PREFIX_PATH=${CMAKE_PREFIX_PATH}:/opt/ros/humble /usr/bin/cmake --build /home/rovasura/ros2_ws/build/ldlidar_component -- -j4 -l4
[0.776s] DEBUG:colcon.colcon_core.event_handler.log_command:Invoking command in '/home/rovasura/ros2_ws/build/ldlidar_component': CMAKE_PREFIX_PATH=${CMAKE_PREFIX_PATH}:/opt/ros/humble /usr/bin/cmake --install /home/rovasura/ros2_ws/build/ldlidar_component
[0.830s] Level 1:colcon.colcon_core.environment:create_environment_scripts_only(ldlidar_component)
[0.834s] DEBUG:colcon.colcon_core.event_handler.log_command:Invoked command in '/home/rovasura/ros2_ws/build/ldlidar_component' returned '0': CMAKE_PREFIX_PATH=${CMAKE_PREFIX_PATH}:/opt/ros/humble /usr/bin/cmake --install /home/rovasura/ros2_ws/build/ldlidar_component
[0.840s] Level 1:colcon.colcon_core.environment:checking '/home/rovasura/ros2_ws/install/ldlidar_component' for CMake module files
[0.840s] Level 1:colcon.colcon_core.environment:checking '/home/rovasura/ros2_ws/install/ldlidar_component' for CMake config files
[0.841s] Level 1:colcon.colcon_core.shell:create_environment_hook('ldlidar_component', 'cmake_prefix_path')
[0.841s] INFO:colcon.colcon_core.shell:Creating environment hook '/home/rovasura/ros2_ws/install/ldlidar_component/share/ldlidar_component/hook/cmake_prefix_path.ps1'
[0.844s] INFO:colcon.colcon_core.shell:Creating environment descriptor '/home/rovasura/ros2_ws/install/ldlidar_component/share/ldlidar_component/hook/cmake_prefix_path.dsv'
[0.846s] INFO:colcon.colcon_core.shell:Creating environment hook '/home/rovasura/ros2_ws/install/ldlidar_component/share/ldlidar_component/hook/cmake_prefix_path.sh'
[0.848s] Level 1:colcon.colcon_core.environment:checking '/home/rovasura/ros2_ws/install/ldlidar_component/lib'
[0.848s] Level 1:colcon.colcon_core.shell:create_environment_hook('ldlidar_component', 'ld_library_path_lib')
[0.849s] INFO:colcon.colcon_core.shell:Creating environment hook '/home/rovasura/ros2_ws/install/ldlidar_component/share/ldlidar_component/hook/ld_library_path_lib.ps1'
[0.851s] INFO:colcon.colcon_core.shell:Creating environment descriptor '/home/rovasura/ros2_ws/install/ldlidar_component/share/ldlidar_component/hook/ld_library_path_lib.dsv'
[0.852s] INFO:colcon.colcon_core.shell:Creating environment hook '/home/rovasura/ros2_ws/install/ldlidar_component/share/ldlidar_component/hook/ld_library_path_lib.sh'
[0.853s] Level 1:colcon.colcon_core.environment:checking '/home/rovasura/ros2_ws/install/ldlidar_component/bin'
[0.853s] Level 1:colcon.colcon_core.environment:checking '/home/rovasura/ros2_ws/install/ldlidar_component/lib/pkgconfig/ldlidar_component.pc'
[0.853s] Level 1:colcon.colcon_core.environment:checking '/home/rovasura/ros2_ws/install/ldlidar_component/lib/python3.10/site-packages'
[0.854s] Level 1:colcon.colcon_core.environment:checking '/home/rovasura/ros2_ws/install/ldlidar_component/bin'
[0.855s] INFO:colcon.colcon_core.shell:Creating package script '/home/rovasura/ros2_ws/install/ldlidar_component/share/ldlidar_component/package.ps1'
[0.856s] INFO:colcon.colcon_core.shell:Creating package descriptor '/home/rovasura/ros2_ws/install/ldlidar_component/share/ldlidar_component/package.dsv'
[0.857s] INFO:colcon.colcon_core.shell:Creating package script '/home/rovasura/ros2_ws/install/ldlidar_component/share/ldlidar_component/package.sh'
[0.859s] INFO:colcon.colcon_core.shell:Creating package script '/home/rovasura/ros2_ws/install/ldlidar_component/share/ldlidar_component/package.bash'
[0.860s] INFO:colcon.colcon_core.shell:Creating package script '/home/rovasura/ros2_ws/install/ldlidar_component/share/ldlidar_component/package.zsh'
[0.862s] Level 1:colcon.colcon_core.environment:create_file_with_runtime_dependencies(/home/rovasura/ros2_ws/install/ldlidar_component/share/colcon-core/packages/ldlidar_component)
[0.863s] Level 1:colcon.colcon_core.environment:create_environment_scripts_only(ldlidar_component)
[0.864s] Level 1:colcon.colcon_core.environment:checking '/home/rovasura/ros2_ws/install/ldlidar_component' for CMake module files
[0.864s] Level 1:colcon.colcon_core.environment:checking '/home/rovasura/ros2_ws/install/ldlidar_component' for CMake config files
[0.865s] Level 1:colcon.colcon_core.shell:create_environment_hook('ldlidar_component', 'cmake_prefix_path')
[0.866s] INFO:colcon.colcon_core.shell:Creating environment hook '/home/rovasura/ros2_ws/install/ldlidar_component/share/ldlidar_component/hook/cmake_prefix_path.ps1'
[0.867s] INFO:colcon.colcon_core.shell:Creating environment descriptor '/home/rovasura/ros2_ws/install/ldlidar_component/share/ldlidar_component/hook/cmake_prefix_path.dsv'
[0.868s] INFO:colcon.colcon_core.shell:Creating environment hook '/home/rovasura/ros2_ws/install/ldlidar_component/share/ldlidar_component/hook/cmake_prefix_path.sh'
[0.870s] Level 1:colcon.colcon_core.environment:checking '/home/rovasura/ros2_ws/install/ldlidar_component/lib'
[0.870s] Level 1:colcon.colcon_core.shell:create_environment_hook('ldlidar_component', 'ld_library_path_lib')
[0.871s] INFO:colcon.colcon_core.shell:Creating environment hook '/home/rovasura/ros2_ws/install/ldlidar_component/share/ldlidar_component/hook/ld_library_path_lib.ps1'
[0.871s] INFO:colcon.colcon_core.shell:Creating environment descriptor '/home/rovasura/ros2_ws/install/ldlidar_component/share/ldlidar_component/hook/ld_library_path_lib.dsv'
[0.872s] INFO:colcon.colcon_core.shell:Creating environment hook '/home/rovasura/ros2_ws/install/ldlidar_component/share/ldlidar_component/hook/ld_library_path_lib.sh'
[0.873s] Level 1:colcon.colcon_core.environment:checking '/home/rovasura/ros2_ws/install/ldlidar_component/bin'
[0.874s] Level 1:colcon.colcon_core.environment:checking '/home/rovasura/ros2_ws/install/ldlidar_component/lib/pkgconfig/ldlidar_component.pc'
[0.874s] Level 1:colcon.colcon_core.environment:checking '/home/rovasura/ros2_ws/install/ldlidar_component/lib/python3.10/site-packages'
[0.875s] Level 1:colcon.colcon_core.environment:checking '/home/rovasura/ros2_ws/install/ldlidar_component/bin'
[0.875s] INFO:colcon.colcon_core.shell:Creating package script '/home/rovasura/ros2_ws/install/ldlidar_component/share/ldlidar_component/package.ps1'
[0.877s] INFO:colcon.colcon_core.shell:Creating package descriptor '/home/rovasura/ros2_ws/install/ldlidar_component/share/ldlidar_component/package.dsv'
[0.878s] INFO:colcon.colcon_core.shell:Creating package script '/home/rovasura/ros2_ws/install/ldlidar_component/share/ldlidar_component/package.sh'
[0.879s] INFO:colcon.colcon_core.shell:Creating package script '/home/rovasura/ros2_ws/install/ldlidar_component/share/ldlidar_component/package.bash'
[0.880s] INFO:colcon.colcon_core.shell:Creating package script '/home/rovasura/ros2_ws/install/ldlidar_component/share/ldlidar_component/package.zsh'
[0.880s] Level 1:colcon.colcon_core.environment:create_file_with_runtime_dependencies(/home/rovasura/ros2_ws/install/ldlidar_component/share/colcon-core/packages/ldlidar_component)
[0.881s] INFO:colcon.colcon_ros.task.ament_cmake.build:Building ROS package in '/home/rovasura/ros2_ws/src/ldrobot-lidar-ros2/ldlidar_node' with build type 'ament_cmake'
[0.883s] INFO:colcon.colcon_cmake.task.cmake.build:Building CMake package in '/home/rovasura/ros2_ws/src/ldrobot-lidar-ros2/ldlidar_node'
[0.885s] INFO:colcon.colcon_core.shell:Skip shell extension 'powershell' for command environment: Not usable outside of PowerShell
[0.886s] DEBUG:colcon.colcon_core.shell:Skip shell extension 'dsv' for command environment
[0.908s] DEBUG:colcon.colcon_core.event_handler.log_command:Invoking command in '/home/rovasura/ros2_ws/build/ldlidar_node': CMAKE_PREFIX_PATH=/home/rovasura/ros2_ws/install/ldlidar_component:/home/rovasura/ros2_ws/install/skid_steer_robot:/opt/ros/humble /usr/bin/cmake /home/rovasura/ros2_ws/src/ldrobot-lidar-ros2/ldlidar_node -DCMAKE_INSTALL_PREFIX=/home/rovasura/ros2_ws/install/ldlidar_node
[2.007s] DEBUG:colcon.colcon_core.event_handler.log_command:Invoked command in '/home/rovasura/ros2_ws/build/skid_steer_robot' returned '0': CMAKE_PREFIX_PATH=${CMAKE_PREFIX_PATH}:/opt/ros/humble /usr/bin/cmake /home/rovasura/ros2_ws/src/skid_steer_robot -DCMAKE_INSTALL_PREFIX=/home/rovasura/ros2_ws/install/skid_steer_robot
[2.013s] DEBUG:colcon.colcon_core.event_handler.log_command:Invoking command in '/home/rovasura/ros2_ws/build/skid_steer_robot': CMAKE_PREFIX_PATH=${CMAKE_PREFIX_PATH}:/opt/ros/humble /usr/bin/cmake --build /home/rovasura/ros2_ws/build/skid_steer_robot -- -j4 -l4
[2.074s] DEBUG:colcon.colcon_core.event_handler.log_command:Invoked command in '/home/rovasura/ros2_ws/build/skid_steer_robot' returned '0': CMAKE_PREFIX_PATH=${CMAKE_PREFIX_PATH}:/opt/ros/humble /usr/bin/cmake --build /home/rovasura/ros2_ws/build/skid_steer_robot -- -j4 -l4
[2.074s] DEBUG:colcon.colcon_core.event_handler.log_command:Invoking command in '/home/rovasura/ros2_ws/build/skid_steer_robot': CMAKE_PREFIX_PATH=${CMAKE_PREFIX_PATH}:/opt/ros/humble /usr/bin/cmake --install /home/rovasura/ros2_ws/build/skid_steer_robot
[2.110s] Level 1:colcon.colcon_core.environment:create_environment_scripts_only(skid_steer_robot)
[2.111s] Level 1:colcon.colcon_core.environment:checking '/home/rovasura/ros2_ws/install/skid_steer_robot' for CMake module files
[2.111s] Level 1:colcon.colcon_core.environment:checking '/home/rovasura/ros2_ws/install/skid_steer_robot' for CMake config files
[2.111s] Level 1:colcon.colcon_core.shell:create_environment_hook('skid_steer_robot', 'cmake_prefix_path')
[2.112s] INFO:colcon.colcon_core.shell:Creating environment hook '/home/rovasura/ros2_ws/install/skid_steer_robot/share/skid_steer_robot/hook/cmake_prefix_path.ps1'
[2.115s] INFO:colcon.colcon_core.shell:Creating environment descriptor '/home/rovasura/ros2_ws/install/skid_steer_robot/share/skid_steer_robot/hook/cmake_prefix_path.dsv'
[2.119s] DEBUG:colcon.colcon_core.event_handler.log_command:Invoked command in '/home/rovasura/ros2_ws/build/skid_steer_robot' returned '0': CMAKE_PREFIX_PATH=${CMAKE_PREFIX_PATH}:/opt/ros/humble /usr/bin/cmake --install /home/rovasura/ros2_ws/build/skid_steer_robot
[2.120s] INFO:colcon.colcon_core.shell:Creating environment hook '/home/rovasura/ros2_ws/install/skid_steer_robot/share/skid_steer_robot/hook/cmake_prefix_path.sh'
[2.122s] Level 1:colcon.colcon_core.environment:checking '/home/rovasura/ros2_ws/install/skid_steer_robot/bin'
[2.123s] Level 1:colcon.colcon_core.environment:checking '/home/rovasura/ros2_ws/install/skid_steer_robot/lib/pkgconfig/skid_steer_robot.pc'
[2.123s] Level 1:colcon.colcon_core.environment:checking '/home/rovasura/ros2_ws/install/skid_steer_robot/lib/python3.10/site-packages'
[2.124s] Level 1:colcon.colcon_core.environment:checking '/home/rovasura/ros2_ws/install/skid_steer_robot/bin'
[2.124s] INFO:colcon.colcon_core.shell:Creating package script '/home/rovasura/ros2_ws/install/skid_steer_robot/share/skid_steer_robot/package.ps1'
[2.125s] INFO:colcon.colcon_core.shell:Creating package descriptor '/home/rovasura/ros2_ws/install/skid_steer_robot/share/skid_steer_robot/package.dsv'
[2.126s] INFO:colcon.colcon_core.shell:Creating package script '/home/rovasura/ros2_ws/install/skid_steer_robot/share/skid_steer_robot/package.sh'
[2.127s] INFO:colcon.colcon_core.shell:Creating package script '/home/rovasura/ros2_ws/install/skid_steer_robot/share/skid_steer_robot/package.bash'
[2.128s] INFO:colcon.colcon_core.shell:Creating package script '/home/rovasura/ros2_ws/install/skid_steer_robot/share/skid_steer_robot/package.zsh'
[2.130s] Level 1:colcon.colcon_core.environment:create_file_with_runtime_dependencies(/home/rovasura/ros2_ws/install/skid_steer_robot/share/colcon-core/packages/skid_steer_robot)
[2.132s] Level 1:colcon.colcon_core.environment:create_environment_scripts_only(skid_steer_robot)
[2.133s] Level 1:colcon.colcon_core.environment:checking '/home/rovasura/ros2_ws/install/skid_steer_robot' for CMake module files
[2.133s] Level 1:colcon.colcon_core.environment:checking '/home/rovasura/ros2_ws/install/skid_steer_robot' for CMake config files
[2.134s] Level 1:colcon.colcon_core.shell:create_environment_hook('skid_steer_robot', 'cmake_prefix_path')
[2.134s] INFO:colcon.colcon_core.shell:Creating environment hook '/home/rovasura/ros2_ws/install/skid_steer_robot/share/skid_steer_robot/hook/cmake_prefix_path.ps1'
[2.136s] INFO:colcon.colcon_core.shell:Creating environment descriptor '/home/rovasura/ros2_ws/install/skid_steer_robot/share/skid_steer_robot/hook/cmake_prefix_path.dsv'
[2.137s] INFO:colcon.colcon_core.shell:Creating environment hook '/home/rovasura/ros2_ws/install/skid_steer_robot/share/skid_steer_robot/hook/cmake_prefix_path.sh'
[2.139s] Level 1:colcon.colcon_core.environment:checking '/home/rovasura/ros2_ws/install/skid_steer_robot/bin'
[2.139s] Level 1:colcon.colcon_core.environment:checking '/home/rovasura/ros2_ws/install/skid_steer_robot/lib/pkgconfig/skid_steer_robot.pc'
[2.139s] Level 1:colcon.colcon_core.environment:checking '/home/rovasura/ros2_ws/install/skid_steer_robot/lib/python3.10/site-packages'
[2.139s] Level 1:colcon.colcon_core.environment:checking '/home/rovasura/ros2_ws/install/skid_steer_robot/bin'
[2.140s] INFO:colcon.colcon_core.shell:Creating package script '/home/rovasura/ros2_ws/install/skid_steer_robot/share/skid_steer_robot/package.ps1'
[2.141s] INFO:colcon.colcon_core.shell:Creating package descriptor '/home/rovasura/ros2_ws/install/skid_steer_robot/share/skid_steer_robot/package.dsv'
[2.143s] INFO:colcon.colcon_core.shell:Creating package script '/home/rovasura/ros2_ws/install/skid_steer_robot/share/skid_steer_robot/package.sh'
[2.144s] INFO:colcon.colcon_core.shell:Creating package script '/home/rovasura/ros2_ws/install/skid_steer_robot/share/skid_steer_robot/package.bash'
[2.145s] INFO:colcon.colcon_core.shell:Creating package script '/home/rovasura/ros2_ws/install/skid_steer_robot/share/skid_steer_robot/package.zsh'
[2.148s] Level 1:colcon.colcon_core.environment:create_file_with_runtime_dependencies(/home/rovasura/ros2_ws/install/skid_steer_robot/share/colcon-core/packages/skid_steer_robot)
[2.286s] DEBUG:colcon.colcon_core.event_handler.log_command:Invoked command in '/home/rovasura/ros2_ws/build/ldlidar_node' returned '0': CMAKE_PREFIX_PATH=/home/rovasura/ros2_ws/install/ldlidar_component:/home/rovasura/ros2_ws/install/skid_steer_robot:/opt/ros/humble /usr/bin/cmake /home/rovasura/ros2_ws/src/ldrobot-lidar-ros2/ldlidar_node -DCMAKE_INSTALL_PREFIX=/home/rovasura/ros2_ws/install/ldlidar_node
[2.288s] DEBUG:colcon.colcon_core.event_handler.log_command:Invoking command in '/home/rovasura/ros2_ws/build/ldlidar_node': CMAKE_PREFIX_PATH=/home/rovasura/ros2_ws/install/ldlidar_component:/home/rovasura/ros2_ws/install/skid_steer_robot:/opt/ros/humble /usr/bin/cmake --build /home/rovasura/ros2_ws/build/ldlidar_node -- -j4 -l4
[2.336s] DEBUG:colcon.colcon_core.event_handler.log_command:Invoked command in '/home/rovasura/ros2_ws/build/ldlidar_node' returned '0': CMAKE_PREFIX_PATH=/home/rovasura/ros2_ws/install/ldlidar_component:/home/rovasura/ros2_ws/install/skid_steer_robot:/opt/ros/humble /usr/bin/cmake --build /home/rovasura/ros2_ws/build/ldlidar_node -- -j4 -l4
[2.339s] DEBUG:colcon.colcon_core.event_handler.log_command:Invoking command in '/home/rovasura/ros2_ws/build/ldlidar_node': CMAKE_PREFIX_PATH=/home/rovasura/ros2_ws/install/ldlidar_component:/home/rovasura/ros2_ws/install/skid_steer_robot:/opt/ros/humble /usr/bin/cmake --install /home/rovasura/ros2_ws/build/ldlidar_node
[2.365s] Level 1:colcon.colcon_core.environment:create_environment_scripts_only(ldlidar_node)
[2.365s] Level 1:colcon.colcon_core.environment:checking '/home/rovasura/ros2_ws/install/ldlidar_node' for CMake module files
[2.366s] Level 1:colcon.colcon_core.environment:checking '/home/rovasura/ros2_ws/install/ldlidar_node' for CMake config files
[2.366s] Level 1:colcon.colcon_core.shell:create_environment_hook('ldlidar_node', 'cmake_prefix_path')
[2.366s] INFO:colcon.colcon_core.shell:Creating environment hook '/home/rovasura/ros2_ws/install/ldlidar_node/share/ldlidar_node/hook/cmake_prefix_path.ps1'
[2.367s] INFO:colcon.colcon_core.shell:Creating environment descriptor '/home/rovasura/ros2_ws/install/ldlidar_node/share/ldlidar_node/hook/cmake_prefix_path.dsv'
[2.367s] DEBUG:colcon.colcon_core.event_handler.log_command:Invoked command in '/home/rovasura/ros2_ws/build/ldlidar_node' returned '0': CMAKE_PREFIX_PATH=/home/rovasura/ros2_ws/install/ldlidar_component:/home/rovasura/ros2_ws/install/skid_steer_robot:/opt/ros/humble /usr/bin/cmake --install /home/rovasura/ros2_ws/build/ldlidar_node
[2.369s] INFO:colcon.colcon_core.shell:Creating environment hook '/home/rovasura/ros2_ws/install/ldlidar_node/share/ldlidar_node/hook/cmake_prefix_path.sh'
[2.370s] Level 1:colcon.colcon_core.environment:checking '/home/rovasura/ros2_ws/install/ldlidar_node/bin'
[2.370s] Level 1:colcon.colcon_core.environment:checking '/home/rovasura/ros2_ws/install/ldlidar_node/lib/pkgconfig/ldlidar_node.pc'
[2.370s] Level 1:colcon.colcon_core.environment:checking '/home/rovasura/ros2_ws/install/ldlidar_node/lib/python3.10/site-packages'
[2.371s] Level 1:colcon.colcon_core.environment:checking '/home/rovasura/ros2_ws/install/ldlidar_node/bin'
[2.371s] INFO:colcon.colcon_core.shell:Creating package script '/home/rovasura/ros2_ws/install/ldlidar_node/share/ldlidar_node/package.ps1'
[2.372s] INFO:colcon.colcon_core.shell:Creating package descriptor '/home/rovasura/ros2_ws/install/ldlidar_node/share/ldlidar_node/package.dsv'
[2.373s] INFO:colcon.colcon_core.shell:Creating package script '/home/rovasura/ros2_ws/install/ldlidar_node/share/ldlidar_node/package.sh'
[2.373s] INFO:colcon.colcon_core.shell:Creating package script '/home/rovasura/ros2_ws/install/ldlidar_node/share/ldlidar_node/package.bash'
[2.375s] INFO:colcon.colcon_core.shell:Creating package script '/home/rovasura/ros2_ws/install/ldlidar_node/share/ldlidar_node/package.zsh'
[2.376s] Level 1:colcon.colcon_core.environment:create_file_with_runtime_dependencies(/home/rovasura/ros2_ws/install/ldlidar_node/share/colcon-core/packages/ldlidar_node)
[2.376s] Level 1:colcon.colcon_core.environment:create_environment_scripts_only(ldlidar_node)
[2.379s] Level 1:colcon.colcon_core.environment:checking '/home/rovasura/ros2_ws/install/ldlidar_node' for CMake module files
[2.380s] Level 1:colcon.colcon_core.environment:checking '/home/rovasura/ros2_ws/install/ldlidar_node' for CMake config files
[2.380s] Level 1:colcon.colcon_core.shell:create_environment_hook('ldlidar_node', 'cmake_prefix_path')
[2.380s] INFO:colcon.colcon_core.shell:Creating environment hook '/home/rovasura/ros2_ws/install/ldlidar_node/share/ldlidar_node/hook/cmake_prefix_path.ps1'
[2.381s] INFO:colcon.colcon_core.shell:Creating environment descriptor '/home/rovasura/ros2_ws/install/ldlidar_node/share/ldlidar_node/hook/cmake_prefix_path.dsv'
[2.382s] INFO:colcon.colcon_core.shell:Creating environment hook '/home/rovasura/ros2_ws/install/ldlidar_node/share/ldlidar_node/hook/cmake_prefix_path.sh'
[2.382s] Level 1:colcon.colcon_core.environment:checking '/home/rovasura/ros2_ws/install/ldlidar_node/bin'
[2.383s] Level 1:colcon.colcon_core.environment:checking '/home/rovasura/ros2_ws/install/ldlidar_node/lib/pkgconfig/ldlidar_node.pc'
[2.383s] Level 1:colcon.colcon_core.environment:checking '/home/rovasura/ros2_ws/install/ldlidar_node/lib/python3.10/site-packages'
[2.383s] Level 1:colcon.colcon_core.environment:checking '/home/rovasura/ros2_ws/install/ldlidar_node/bin'
[2.384s] INFO:colcon.colcon_core.shell:Creating package script '/home/rovasura/ros2_ws/install/ldlidar_node/share/ldlidar_node/package.ps1'
[2.387s] INFO:colcon.colcon_core.shell:Creating package descriptor '/home/rovasura/ros2_ws/install/ldlidar_node/share/ldlidar_node/package.dsv'
[2.388s] INFO:colcon.colcon_core.shell:Creating package script '/home/rovasura/ros2_ws/install/ldlidar_node/share/ldlidar_node/package.sh'
[2.388s] INFO:colcon.colcon_core.shell:Creating package script '/home/rovasura/ros2_ws/install/ldlidar_node/share/ldlidar_node/package.bash'
[2.389s] INFO:colcon.colcon_core.shell:Creating package script '/home/rovasura/ros2_ws/install/ldlidar_node/share/ldlidar_node/package.zsh'
[2.390s] Level 1:colcon.colcon_core.environment:create_file_with_runtime_dependencies(/home/rovasura/ros2_ws/install/ldlidar_node/share/colcon-core/packages/ldlidar_node)
[2.391s] INFO:colcon.colcon_ros.task.ament_cmake.build:Building ROS package in '/home/rovasura/ros2_ws/src/ldrobot-lidar-ros2/ldlidar' with build type 'ament_cmake'
[2.391s] INFO:colcon.colcon_cmake.task.cmake.build:Building CMake package in '/home/rovasura/ros2_ws/src/ldrobot-lidar-ros2/ldlidar'
[2.392s] INFO:colcon.colcon_core.shell:Skip shell extension 'powershell' for command environment: Not usable outside of PowerShell
[2.392s] DEBUG:colcon.colcon_core.shell:Skip shell extension 'dsv' for command environment
[2.410s] DEBUG:colcon.colcon_core.event_handler.log_command:Invoking command in '/home/rovasura/ros2_ws/build/ldlidar': AMENT_PREFIX_PATH=/home/rovasura/ros2_ws/install/ldlidar_node:${AMENT_PREFIX_PATH} CMAKE_PREFIX_PATH=/home/rovasura/ros2_ws/install/ldlidar_node:/home/rovasura/ros2_ws/install/ldlidar_component:/home/rovasura/ros2_ws/install/skid_steer_robot:/opt/ros/humble /usr/bin/cmake /home/rovasura/ros2_ws/src/ldrobot-lidar-ros2/ldlidar -DCMAKE_INSTALL_PREFIX=/home/rovasura/ros2_ws/install/ldlidar
[3.015s] DEBUG:colcon.colcon_core.event_handler.log_command:Invoked command in '/home/rovasura/ros2_ws/build/ldlidar' returned '0': AMENT_PREFIX_PATH=/home/rovasura/ros2_ws/install/ldlidar_node:${AMENT_PREFIX_PATH} CMAKE_PREFIX_PATH=/home/rovasura/ros2_ws/install/ldlidar_node:/home/rovasura/ros2_ws/install/ldlidar_component:/home/rovasura/ros2_ws/install/skid_steer_robot:/opt/ros/humble /usr/bin/cmake /home/rovasura/ros2_ws/src/ldrobot-lidar-ros2/ldlidar -DCMAKE_INSTALL_PREFIX=/home/rovasura/ros2_ws/install/ldlidar
[3.015s] DEBUG:colcon.colcon_core.event_handler.log_command:Invoking command in '/home/rovasura/ros2_ws/build/ldlidar': AMENT_PREFIX_PATH=/home/rovasura/ros2_ws/install/ldlidar_node:${AMENT_PREFIX_PATH} CMAKE_PREFIX_PATH=/home/rovasura/ros2_ws/install/ldlidar_node:/home/rovasura/ros2_ws/install/ldlidar_component:/home/rovasura/ros2_ws/install/skid_steer_robot:/opt/ros/humble /usr/bin/cmake --build /home/rovasura/ros2_ws/build/ldlidar -- -j4 -l4
[3.061s] DEBUG:colcon.colcon_core.event_handler.log_command:Invoked command in '/home/rovasura/ros2_ws/build/ldlidar' returned '0': AMENT_PREFIX_PATH=/home/rovasura/ros2_ws/install/ldlidar_node:${AMENT_PREFIX_PATH} CMAKE_PREFIX_PATH=/home/rovasura/ros2_ws/install/ldlidar_node:/home/rovasura/ros2_ws/install/ldlidar_component:/home/rovasura/ros2_ws/install/skid_steer_robot:/opt/ros/humble /usr/bin/cmake --build /home/rovasura/ros2_ws/build/ldlidar -- -j4 -l4
[3.064s] DEBUG:colcon.colcon_core.event_handler.log_command:Invoking command in '/home/rovasura/ros2_ws/build/ldlidar': AMENT_PREFIX_PATH=/home/rovasura/ros2_ws/install/ldlidar_node:${AMENT_PREFIX_PATH} CMAKE_PREFIX_PATH=/home/rovasura/ros2_ws/install/ldlidar_node:/home/rovasura/ros2_ws/install/ldlidar_component:/home/rovasura/ros2_ws/install/skid_steer_robot:/opt/ros/humble /usr/bin/cmake --install /home/rovasura/ros2_ws/build/ldlidar
[3.072s] Level 1:colcon.colcon_core.environment:create_environment_scripts_only(ldlidar)
[3.073s] Level 1:colcon.colcon_core.environment:checking '/home/rovasura/ros2_ws/install/ldlidar' for CMake module files
[3.073s] Level 1:colcon.colcon_core.environment:checking '/home/rovasura/ros2_ws/install/ldlidar' for CMake config files
[3.076s] DEBUG:colcon.colcon_core.event_handler.log_command:Invoked command in '/home/rovasura/ros2_ws/build/ldlidar' returned '0': AMENT_PREFIX_PATH=/home/rovasura/ros2_ws/install/ldlidar_node:${AMENT_PREFIX_PATH} CMAKE_PREFIX_PATH=/home/rovasura/ros2_ws/install/ldlidar_node:/home/rovasura/ros2_ws/install/ldlidar_component:/home/rovasura/ros2_ws/install/skid_steer_robot:/opt/ros/humble /usr/bin/cmake --install /home/rovasura/ros2_ws/build/ldlidar
[3.077s] Level 1:colcon.colcon_core.shell:create_environment_hook('ldlidar', 'cmake_prefix_path')
[3.077s] INFO:colcon.colcon_core.shell:Creating environment hook '/home/rovasura/ros2_ws/install/ldlidar/share/ldlidar/hook/cmake_prefix_path.ps1'
[3.078s] INFO:colcon.colcon_core.shell:Creating environment descriptor '/home/rovasura/ros2_ws/install/ldlidar/share/ldlidar/hook/cmake_prefix_path.dsv'
[3.079s] INFO:colcon.colcon_core.shell:Creating environment hook '/home/rovasura/ros2_ws/install/ldlidar/share/ldlidar/hook/cmake_prefix_path.sh'
[3.080s] Level 1:colcon.colcon_core.environment:checking '/home/rovasura/ros2_ws/install/ldlidar/bin'
[3.080s] Level 1:colcon.colcon_core.environment:checking '/home/rovasura/ros2_ws/install/ldlidar/lib/pkgconfig/ldlidar.pc'
[3.080s] Level 1:colcon.colcon_core.environment:checking '/home/rovasura/ros2_ws/install/ldlidar/lib/python3.10/site-packages'
[3.081s] Level 1:colcon.colcon_core.environment:checking '/home/rovasura/ros2_ws/install/ldlidar/bin'
[3.081s] INFO:colcon.colcon_core.shell:Creating package script '/home/rovasura/ros2_ws/install/ldlidar/share/ldlidar/package.ps1'
[3.082s] INFO:colcon.colcon_core.shell:Creating package descriptor '/home/rovasura/ros2_ws/install/ldlidar/share/ldlidar/package.dsv'
[3.083s] INFO:colcon.colcon_core.shell:Creating package script '/home/rovasura/ros2_ws/install/ldlidar/share/ldlidar/package.sh'
[3.084s] INFO:colcon.colcon_core.shell:Creating package script '/home/rovasura/ros2_ws/install/ldlidar/share/ldlidar/package.bash'
[3.084s] INFO:colcon.colcon_core.shell:Creating package script '/home/rovasura/ros2_ws/install/ldlidar/share/ldlidar/package.zsh'
[3.085s] Level 1:colcon.colcon_core.environment:create_file_with_runtime_dependencies(/home/rovasura/ros2_ws/install/ldlidar/share/colcon-core/packages/ldlidar)
[3.086s] Level 1:colcon.colcon_core.environment:create_environment_scripts_only(ldlidar)
[3.087s] Level 1:colcon.colcon_core.environment:checking '/home/rovasura/ros2_ws/install/ldlidar' for CMake module files
[3.087s] Level 1:colcon.colcon_core.environment:checking '/home/rovasura/ros2_ws/install/ldlidar' for CMake config files
[3.088s] Level 1:colcon.colcon_core.shell:create_environment_hook('ldlidar', 'cmake_prefix_path')
[3.088s] INFO:colcon.colcon_core.shell:Creating environment hook '/home/rovasura/ros2_ws/install/ldlidar/share/ldlidar/hook/cmake_prefix_path.ps1'
[3.089s] INFO:colcon.colcon_core.shell:Creating environment descriptor '/home/rovasura/ros2_ws/install/ldlidar/share/ldlidar/hook/cmake_prefix_path.dsv'
[3.090s] INFO:colcon.colcon_core.shell:Creating environment hook '/home/rovasura/ros2_ws/install/ldlidar/share/ldlidar/hook/cmake_prefix_path.sh'
[3.091s] Level 1:colcon.colcon_core.environment:checking '/home/rovasura/ros2_ws/install/ldlidar/bin'
[3.091s] Level 1:colcon.colcon_core.environment:checking '/home/rovasura/ros2_ws/install/ldlidar/lib/pkgconfig/ldlidar.pc'
[3.092s] Level 1:colcon.colcon_core.environment:checking '/home/rovasura/ros2_ws/install/ldlidar/lib/python3.10/site-packages'
[3.092s] Level 1:colcon.colcon_core.environment:checking '/home/rovasura/ros2_ws/install/ldlidar/bin'
[3.093s] INFO:colcon.colcon_core.shell:Creating package script '/home/rovasura/ros2_ws/install/ldlidar/share/ldlidar/package.ps1'
[3.094s] INFO:colcon.colcon_core.shell:Creating package descriptor '/home/rovasura/ros2_ws/install/ldlidar/share/ldlidar/package.dsv'
[3.095s] INFO:colcon.colcon_core.shell:Creating package script '/home/rovasura/ros2_ws/install/ldlidar/share/ldlidar/package.sh'
[3.096s] INFO:colcon.colcon_core.shell:Creating package script '/home/rovasura/ros2_ws/install/ldlidar/share/ldlidar/package.bash'
[3.097s] INFO:colcon.colcon_core.shell:Creating package script '/home/rovasura/ros2_ws/install/ldlidar/share/ldlidar/package.zsh'
[3.097s] Level 1:colcon.colcon_core.environment:create_file_with_runtime_dependencies(/home/rovasura/ros2_ws/install/ldlidar/share/colcon-core/packages/ldlidar)
[3.098s] DEBUG:colcon.colcon_parallel_executor.executor.parallel:closing loop
[3.099s] DEBUG:colcon.colcon_parallel_executor.executor.parallel:loop closed
[3.099s] DEBUG:colcon.colcon_parallel_executor.executor.parallel:run_until_complete finished with '0'
[3.099s] DEBUG:colcon.colcon_core.event_reactor:joining thread
[3.113s] INFO:colcon.colcon_core.plugin_system:Skipping extension 'colcon_notification.desktop_notification.terminal_notifier': Not used on non-Darwin systems
[3.113s] INFO:colcon.colcon_core.plugin_system:Skipping extension 'colcon_notification.desktop_notification.win32': Not used on non-Windows systems
[3.113s] INFO:colcon.colcon_notification.desktop_notification:Sending desktop notification using 'notify2'
[3.143s] DEBUG:colcon.colcon_core.event_reactor:joined thread
[3.144s] INFO:colcon.colcon_core.shell:Creating prefix script '/home/rovasura/ros2_ws/install/local_setup.ps1'
[3.145s] INFO:colcon.colcon_core.shell:Creating prefix util module '/home/rovasura/ros2_ws/install/_local_setup_util_ps1.py'
[3.148s] INFO:colcon.colcon_core.shell:Creating prefix chain script '/home/rovasura/ros2_ws/install/setup.ps1'
[3.150s] INFO:colcon.colcon_core.shell:Creating prefix script '/home/rovasura/ros2_ws/install/local_setup.sh'
[3.152s] INFO:colcon.colcon_core.shell:Creating prefix util module '/home/rovasura/ros2_ws/install/_local_setup_util_sh.py'
[3.153s] INFO:colcon.colcon_core.shell:Creating prefix chain script '/home/rovasura/ros2_ws/install/setup.sh'
[3.155s] INFO:colcon.colcon_core.shell:Creating prefix script '/home/rovasura/ros2_ws/install/local_setup.bash'
[3.156s] INFO:colcon.colcon_core.shell:Creating prefix chain script '/home/rovasura/ros2_ws/install/setup.bash'
[3.158s] INFO:colcon.colcon_core.shell:Creating prefix script '/home/rovasura/ros2_ws/install/local_setup.zsh'
[3.159s] INFO:colcon.colcon_core.shell:Creating prefix chain script '/home/rovasura/ros2_ws/install/setup.zsh'
