[0.022s] Invoking command in '/home/rovasura/ros2_ws/build/ldlidar_node': CMAKE_PREFIX_PATH=/home/rovasura/ros2_ws/install/ldlidar_component:/home/rovasura/ros2_ws/install/skid_steer_robot:/opt/ros/humble /usr/bin/cmake /home/rovasura/ros2_ws/src/ldrobot-lidar-ros2/ldlidar_node -DCMAKE_INSTALL_PREFIX=/home/rovasura/ros2_ws/install/ldlidar_node
[0.175s] -- The C compiler identification is GNU 11.4.0
[0.311s] -- The CXX compiler identification is GNU 11.4.0
[0.320s] -- Detecting C compiler ABI info
[0.449s] -- Detecting C compiler ABI info - done
[0.461s] -- Check for working C compiler: /usr/bin/cc - skipped
[0.462s] -- Detecting C compile features
[0.462s] -- Detecting C compile features - done
[0.470s] -- Detecting CXX compiler ABI info
[0.665s] -- Detecting CXX compiler ABI info - done
[0.679s] -- Check for working CXX compiler: /usr/bin/c++ - skipped
[0.681s] -- Detecting CXX compile features
[0.684s] -- Detecting CXX compile features - done
[0.688s] -- * Found ROS2 humble
[0.689s] -- * ROS2 humble is officially supported by this package.
[0.693s] -- Found ament_cmake: 1.3.12 (/opt/ros/humble/share/ament_cmake/cmake)
[0.948s] -- Found Python3: /usr/bin/python3 (found version "3.10.12") found components: Interpreter 
[1.085s] -- Found ament_lint_auto: 0.12.14 (/opt/ros/humble/share/ament_lint_auto/cmake)
[1.277s] -- Found python_cmake_module: 0.10.0 (/opt/ros/humble/share/python_cmake_module/cmake)
[1.308s] -- Found PythonInterp: /usr/bin/python3 (found suitable version "3.10.12", minimum required is "3.6") 
[1.324s] -- Found PythonLibs: /usr/lib/x86_64-linux-gnu/libpython3.10.so (found suitable version "3.10.12", minimum required is "3.5") 
[1.324s] -- Using PYTHON_EXECUTABLE: /usr/bin/python3
[1.324s] -- Using PYTHON_INCLUDE_DIRS: /usr/include/python3.10
[1.325s] -- Using PYTHON_LIBRARIES: /usr/lib/x86_64-linux-gnu/libpython3.10.so
[1.353s] -- Found PythonExtra: .so  
[1.361s] -- Added test 'copyright' to check source files copyright and LICENSE
[1.364s] -- Added test 'flake8' to check Python code syntax and style conventions
[1.366s] -- Added test 'lint_cmake' to check CMake code style
[1.367s] -- Added test 'pep257' to check Python code against some of the docstring style conventions in PEP 257
[1.370s] -- Added test 'xmllint' to check XML markup files
[1.373s] -- Configuring done
[1.379s] -- Generating done
[1.383s] -- Build files have been written to: /home/rovasura/ros2_ws/build/ldlidar_node
[1.400s] Invoked command in '/home/rovasura/ros2_ws/build/ldlidar_node' returned '0': CMAKE_PREFIX_PATH=/home/rovasura/ros2_ws/install/ldlidar_component:/home/rovasura/ros2_ws/install/skid_steer_robot:/opt/ros/humble /usr/bin/cmake /home/rovasura/ros2_ws/src/ldrobot-lidar-ros2/ldlidar_node -DCMAKE_INSTALL_PREFIX=/home/rovasura/ros2_ws/install/ldlidar_node
[1.402s] Invoking command in '/home/rovasura/ros2_ws/build/ldlidar_node': CMAKE_PREFIX_PATH=/home/rovasura/ros2_ws/install/ldlidar_component:/home/rovasura/ros2_ws/install/skid_steer_robot:/opt/ros/humble /usr/bin/cmake --build /home/rovasura/ros2_ws/build/ldlidar_node -- -j4 -l4
[1.450s] Invoked command in '/home/rovasura/ros2_ws/build/ldlidar_node' returned '0': CMAKE_PREFIX_PATH=/home/rovasura/ros2_ws/install/ldlidar_component:/home/rovasura/ros2_ws/install/skid_steer_robot:/opt/ros/humble /usr/bin/cmake --build /home/rovasura/ros2_ws/build/ldlidar_node -- -j4 -l4
[1.453s] Invoking command in '/home/rovasura/ros2_ws/build/ldlidar_node': CMAKE_PREFIX_PATH=/home/rovasura/ros2_ws/install/ldlidar_component:/home/rovasura/ros2_ws/install/skid_steer_robot:/opt/ros/humble /usr/bin/cmake --install /home/rovasura/ros2_ws/build/ldlidar_node
[1.466s] -- Install configuration: ""
[1.468s] -- Installing: /home/rovasura/ros2_ws/install/ldlidar_node/share/ldlidar_node/params
[1.468s] -- Installing: /home/rovasura/ros2_ws/install/ldlidar_node/share/ldlidar_node/params/lifecycle_mgr.yaml
[1.468s] -- Installing: /home/rovasura/ros2_ws/install/ldlidar_node/share/ldlidar_node/params/slam_toolbox.yaml
[1.468s] -- Installing: /home/rovasura/ros2_ws/install/ldlidar_node/share/ldlidar_node/params/lifecycle_mgr_slam.yaml
[1.468s] -- Installing: /home/rovasura/ros2_ws/install/ldlidar_node/share/ldlidar_node/params/ldlidar.yaml
[1.468s] -- Installing: /home/rovasura/ros2_ws/install/ldlidar_node/share/ldlidar_node/config
[1.468s] -- Installing: /home/rovasura/ros2_ws/install/ldlidar_node/share/ldlidar_node/config/ldlidar.rviz
[1.468s] -- Installing: /home/rovasura/ros2_ws/install/ldlidar_node/share/ldlidar_node/config/ldlidar_slam.rviz
[1.468s] -- Installing: /home/rovasura/ros2_ws/install/ldlidar_node/share/ldlidar_node/urdf
[1.468s] -- Installing: /home/rovasura/ros2_ws/install/ldlidar_node/share/ldlidar_node/urdf/ldlidar_descr.urdf.xml
[1.468s] -- Installing: /home/rovasura/ros2_ws/install/ldlidar_node/share/ldlidar_node/urdf/model
[1.468s] -- Installing: /home/rovasura/ros2_ws/install/ldlidar_node/share/ldlidar_node/urdf/model/LD19.stl
[1.468s] -- Installing: /home/rovasura/ros2_ws/install/ldlidar_node/share/ldlidar_node/launch
[1.468s] -- Installing: /home/rovasura/ros2_ws/install/ldlidar_node/share/ldlidar_node/launch/ldlidar_slam.launch.py
[1.469s] -- Installing: /home/rovasura/ros2_ws/install/ldlidar_node/share/ldlidar_node/launch/ldlidar_with_mgr.launch.py
[1.469s] -- Installing: /home/rovasura/ros2_ws/install/ldlidar_node/share/ldlidar_node/launch/ldlidar_bringup.launch.py
[1.469s] -- Installing: /home/rovasura/ros2_ws/install/ldlidar_node/share/ldlidar_node/launch/ldlidar_rviz2.launch.py
[1.469s] -- Installing: /home/rovasura/ros2_ws/install/ldlidar_node/share/ament_index/resource_index/package_run_dependencies/ldlidar_node
[1.469s] -- Installing: /home/rovasura/ros2_ws/install/ldlidar_node/share/ament_index/resource_index/parent_prefix_path/ldlidar_node
[1.469s] -- Installing: /home/rovasura/ros2_ws/install/ldlidar_node/share/ldlidar_node/environment/ament_prefix_path.sh
[1.469s] -- Installing: /home/rovasura/ros2_ws/install/ldlidar_node/share/ldlidar_node/environment/ament_prefix_path.dsv
[1.478s] -- Installing: /home/rovasura/ros2_ws/install/ldlidar_node/share/ldlidar_node/environment/path.sh
[1.478s] -- Installing: /home/rovasura/ros2_ws/install/ldlidar_node/share/ldlidar_node/environment/path.dsv
[1.478s] -- Installing: /home/rovasura/ros2_ws/install/ldlidar_node/share/ldlidar_node/local_setup.bash
[1.478s] -- Installing: /home/rovasura/ros2_ws/install/ldlidar_node/share/ldlidar_node/local_setup.sh
[1.478s] -- Installing: /home/rovasura/ros2_ws/install/ldlidar_node/share/ldlidar_node/local_setup.zsh
[1.478s] -- Installing: /home/rovasura/ros2_ws/install/ldlidar_node/share/ldlidar_node/local_setup.dsv
[1.479s] -- Installing: /home/rovasura/ros2_ws/install/ldlidar_node/share/ldlidar_node/package.dsv
[1.479s] -- Installing: /home/rovasura/ros2_ws/install/ldlidar_node/share/ament_index/resource_index/packages/ldlidar_node
[1.479s] -- Installing: /home/rovasura/ros2_ws/install/ldlidar_node/share/ldlidar_node/cmake/ldlidar_nodeConfig.cmake
[1.479s] -- Installing: /home/rovasura/ros2_ws/install/ldlidar_node/share/ldlidar_node/cmake/ldlidar_nodeConfig-version.cmake
[1.479s] -- Installing: /home/rovasura/ros2_ws/install/ldlidar_node/share/ldlidar_node/package.xml
[1.481s] Invoked command in '/home/rovasura/ros2_ws/build/ldlidar_node' returned '0': CMAKE_PREFIX_PATH=/home/rovasura/ros2_ws/install/ldlidar_component:/home/rovasura/ros2_ws/install/skid_steer_robot:/opt/ros/humble /usr/bin/cmake --install /home/rovasura/ros2_ws/build/ldlidar_node
